#
# There is insufficient memory for the Java Runtime Environment to continue.
# Native memory allocation (mmap) failed to map 192937984 bytes for Failed to commit area from 0x000000008fa00000 to 0x000000009b200000 of length 192937984.
# Possible reasons:
#   The system is out of physical RAM or swap space
#   The process is running with CompressedOops enabled, and the Java Heap may be blocking the growth of the native heap
# Possible solutions:
#   Reduce memory load on the system
#   Increase physical memory or swap space
#   Check if swap backing store is full
#   Decrease Java heap size (-Xmx/-Xms)
#   Decrease number of Java threads
#   Decrease Java thread stack sizes (-Xss)
#   Set larger code cache with -XX:ReservedCodeCacheSize=
#   JVM is running with Unscaled Compressed Oops mode in which the Java heap is
#     placed in the first 4GB address space. The Java Heap base address is the
#     maximum limit for the native heap growth. Please use -XX:HeapBaseMinAddress
#     to set the Java Heap base and to place the Java Heap above 4GB virtual address.
# This output file may be truncated or incomplete.
#
#  Out of Memory Error (./src/hotspot/os/windows/os_windows.cpp:3301), pid=3104, tid=9208
#
# JRE version: OpenJDK Runtime Environment (11.0.10) (build 11.0.10+0-b96-7249189)
# Java VM: OpenJDK 64-Bit Server VM (11.0.10+0-b96-7249189, mixed mode, tiered, compressed oops, g1 gc, windows-amd64)
# No core dump will be written. Minidumps are not enabled by default on client versions of Windows
#

---------------  S U M M A R Y ------------

Command Line: --add-opens=java.base/java.util=ALL-UNNAMED --add-opens=java.base/java.lang=ALL-UNNAMED --add-opens=java.base/java.lang.invoke=ALL-UNNAMED --add-opens=java.base/java.util=ALL-UNNAMED --add-opens=java.prefs/java.util.prefs=ALL-UNNAMED --add-opens=java.prefs/java.util.prefs=ALL-UNNAMED --add-opens=java.base/java.nio.charset=ALL-UNNAMED --add-opens=java.base/java.net=ALL-UNNAMED --add-opens=java.base/java.util.concurrent.atomic=ALL-UNNAMED -Xmx2048m -Dfile.encoding=UTF-8 -Duser.country=US -Duser.language=en -Duser.variant org.gradle.launcher.daemon.bootstrap.GradleDaemon 7.0.2

Host: AMD Ryzen 7 5700U with Radeon Graphics         , 16 cores, 15G,  Windows 10 , 64 bit Build 19041 (10.0.19041.1202)
Time: Wed Oct  6 16:18:32 2021 FLE Daylight Time elapsed time: 6833.471551 seconds (0d 1h 53m 53s)

---------------  T H R E A D  ---------------

Current thread (0x00000244500e5800):  VMThread "VM Thread" [stack: 0x000000d96ce00000,0x000000d96cf00000] [id=9208]

Stack: [0x000000d96ce00000,0x000000d96cf00000]
[error occurred during error reporting (printing stack bounds), id 0xc0000005, EXCEPTION_ACCESS_VIOLATION (0xc0000005) at pc=0x0000024437c60f2d]

Native frames: (J=compiled Java code, j=interpreted, Vv=VM code, C=native code)
V  [jvm.dll+0x5ecfaa]
V  [jvm.dll+0x722bd5]
V  [jvm.dll+0x72412d]
V  [jvm.dll+0x724745]
V  [jvm.dll+0x7246fb]
V  [jvm.dll+0x5ec348]
V  [jvm.dll+0x5ecad8]
C  [ntdll.dll+0xa20cf]
C  [ntdll.dll+0x51454]
C  [ntdll.dll+0xa0bfe]
C  0x0000024437c60f2d

VM_Operation (0x000000d9731fdb00): G1CollectForAllocation, mode: safepoint, requested by thread 0x000002445876f800


---------------  P R O C E S S  ---------------

Threads class SMR info:
_java_thread_list=0x000002445b33a4d0, length=128, elements={
0x000002443416a000, 0x00000244500e9000, 0x00000244500ec800, 0x0000024450147800,
0x0000024450149800, 0x000002445014a800, 0x0000024450150800, 0x000002445015d800,
0x000002445016e800, 0x00000244502bd800, 0x000002445282d800, 0x0000024453837800,
0x0000024452703800, 0x0000024452936800, 0x0000024452938000, 0x0000024452935800,
0x0000024452939000, 0x000002445293a000, 0x00000244539b7000, 0x00000244539b8800,
0x00000244539ba000, 0x00000244539b9800, 0x00000244539b5000, 0x00000244531cb000,
0x00000244531d1800, 0x00000244531d2800, 0x00000244531cc800, 0x00000244531d8000,
0x00000244531d5000, 0x00000244531d5800, 0x00000244531d7800, 0x00000244531d6800,
0x00000244531d9000, 0x00000244531d3800, 0x00000244531d4000, 0x0000024453686800,
0x0000024453688800, 0x000002445ae14000, 0x000002445fce0800, 0x00000244539b4800,
0x00000244539c2800, 0x000002445368b800, 0x0000024453690800, 0x0000024453692000,
0x000002445fce1000, 0x000002445fce2000, 0x000002445fce2800, 0x000002445fce3800,
0x000002445fce7000, 0x000002445fce6000, 0x000002445fce4800, 0x000002445fce5000,
0x00000244531ce800, 0x000002445ae0c800, 0x000002445ae0d800, 0x000002445ae13000,
0x000002445ae0e800, 0x000002445ae10000, 0x000002445ae11000, 0x000002445ae12800,
0x000002445ae15000, 0x000002445ae0f000, 0x000002445ae18000, 0x000002445ae1b800,
0x000002445ae19000, 0x000002445ae1a000, 0x000002445ae1a800, 0x000002445ae15800,
0x000002445ae17800, 0x000002445ae16800, 0x0000024452c51800, 0x0000024452c52800,
0x0000024452c53000, 0x0000024452c54000, 0x0000024452c50000, 0x0000024452c54800,
0x0000024452c55800, 0x0000024452c50800, 0x0000024452c59000, 0x0000024452c5b800,
0x0000024452c5c000, 0x0000024452c57000, 0x0000024452c5d000, 0x0000024452c58000,
0x0000024452c59800, 0x0000024452c5e800, 0x0000024452c5d800, 0x0000024452c5a800,
0x0000024458766800, 0x0000024458764000, 0x0000024458767000, 0x0000024458764800,
0x0000024458765800, 0x0000024458768000, 0x0000024458763000, 0x000002445876d800,
0x000002445876c000, 0x000002445876d000, 0x0000024458769800, 0x000002445876e800,
0x000002445876f800, 0x0000024458770000, 0x000002445876a800, 0x0000024458771000,
0x000002445876b000, 0x0000024458771800, 0x0000024453686000, 0x0000024453683800,
0x000002445368c800, 0x000002445368a800, 0x0000024453687800, 0x000002445368e000,
0x000002445368d000, 0x000002445368f000, 0x000002445368f800, 0x000002445368a000,
0x0000024453691800, 0x00000244539bb800, 0x00000244539b6000, 0x00000244539c3000,
0x00000244539c0800, 0x00000244539c1800, 0x000002445cd73800, 0x000002445cd72000,
0x000002445cd73000, 0x000002445cd6f800, 0x000002445cd78800, 0x000002445cd79800
}

Java Threads: ( => current thread )
  0x000002443416a000 JavaThread "main" [_thread_blocked, id=13660, stack(0x000000d96c800000,0x000000d96c900000)]
  0x00000244500e9000 JavaThread "Reference Handler" daemon [_thread_blocked, id=13824, stack(0x000000d96cf00000,0x000000d96d000000)]
  0x00000244500ec800 JavaThread "Finalizer" daemon [_thread_blocked, id=5548, stack(0x000000d96d000000,0x000000d96d100000)]
  0x0000024450147800 JavaThread "Signal Dispatcher" daemon [_thread_blocked, id=18548, stack(0x000000d96d100000,0x000000d96d200000)]
  0x0000024450149800 JavaThread "Attach Listener" daemon [_thread_blocked, id=17816, stack(0x000000d96d200000,0x000000d96d300000)]
  0x000002445014a800 JavaThread "Service Thread" daemon [_thread_blocked, id=17692, stack(0x000000d96d300000,0x000000d96d400000)]
  0x0000024450150800 JavaThread "C2 CompilerThread0" daemon [_thread_in_native, id=17696, stack(0x000000d96d400000,0x000000d96d500000)]
  0x000002445015d800 JavaThread "C1 CompilerThread0" daemon [_thread_blocked, id=17888, stack(0x000000d96d500000,0x000000d96d600000)]
  0x000002445016e800 JavaThread "Sweeper thread" daemon [_thread_blocked, id=5400, stack(0x000000d96d600000,0x000000d96d700000)]
  0x00000244502bd800 JavaThread "Common-Cleaner" daemon [_thread_blocked, id=868, stack(0x000000d96d800000,0x000000d96d900000)]
  0x000002445282d800 JavaThread "Daemon health stats" [_thread_blocked, id=19028, stack(0x000000d96e200000,0x000000d96e300000)]
  0x0000024453837800 JavaThread "Incoming local TCP Connector on port 60323" [_thread_in_native, id=18056, stack(0x000000d96da00000,0x000000d96db00000)]
  0x0000024452703800 JavaThread "Daemon periodic checks" [_thread_blocked, id=10076, stack(0x000000d96db00000,0x000000d96dc00000)]
  0x0000024452936800 JavaThread "Cache worker for file hash cache (C:\Users\emppu\.gradle\caches\7.0.2\fileHashes)" [_thread_blocked, id=10160, stack(0x000000d96ea00000,0x000000d96eb00000)]
  0x0000024452938000 JavaThread "File lock request listener" [_thread_in_native, id=9408, stack(0x000000d96eb00000,0x000000d96ec00000)]
  0x0000024452935800 JavaThread "Cache worker for journal cache (C:\Users\emppu\.gradle\caches\journal-1)" [_thread_blocked, id=19392, stack(0x000000d96f600000,0x000000d96f700000)]
  0x0000024452939000 JavaThread "File watcher server" daemon [_thread_blocked, id=18268, stack(0x000000d96f900000,0x000000d96fa00000)]
  0x000002445293a000 JavaThread "File watcher consumer" daemon [_thread_blocked, id=3640, stack(0x000000d96fa00000,0x000000d96fb00000)]
  0x00000244539b7000 JavaThread "Cache worker for execution history cache (C:\Users\emppu\.gradle\caches\7.0.2\executionHistory)" [_thread_blocked, id=9784, stack(0x000000d96ff00000,0x000000d970000000)]
  0x00000244539b8800 JavaThread "jar transforms" [_thread_blocked, id=11916, stack(0x000000d970200000,0x000000d970300000)]
  0x00000244539ba000 JavaThread "jar transforms Thread 2" [_thread_blocked, id=14060, stack(0x000000d970300000,0x000000d970400000)]
  0x00000244539b9800 JavaThread "Cache worker for file content cache (C:\Users\emppu\.gradle\caches\7.0.2\fileContent)" [_thread_blocked, id=15800, stack(0x000000d970400000,0x000000d970500000)]
  0x00000244539b5000 JavaThread "jar transforms Thread 3" [_thread_blocked, id=11376, stack(0x000000d970100000,0x000000d970200000)]
  0x00000244531cb000 JavaThread "jar transforms Thread 4" [_thread_blocked, id=19360, stack(0x000000d971700000,0x000000d971800000)]
  0x00000244531d1800 JavaThread "jar transforms Thread 5" [_thread_blocked, id=19020, stack(0x000000d971800000,0x000000d971900000)]
  0x00000244531d2800 JavaThread "jar transforms Thread 6" [_thread_blocked, id=17672, stack(0x000000d971900000,0x000000d971a00000)]
  0x00000244531cc800 JavaThread "jar transforms Thread 7" [_thread_blocked, id=3616, stack(0x000000d971a00000,0x000000d971b00000)]
  0x00000244531d8000 JavaThread "jar transforms Thread 8" [_thread_blocked, id=16576, stack(0x000000d971b00000,0x000000d971c00000)]
  0x00000244531d5000 JavaThread "jar transforms Thread 9" [_thread_blocked, id=884, stack(0x000000d971c00000,0x000000d971d00000)]
  0x00000244531d5800 JavaThread "jar transforms Thread 10" [_thread_blocked, id=14956, stack(0x000000d971d00000,0x000000d971e00000)]
  0x00000244531d7800 JavaThread "jar transforms Thread 11" [_thread_blocked, id=1260, stack(0x000000d971e00000,0x000000d971f00000)]
  0x00000244531d6800 JavaThread "jar transforms Thread 12" [_thread_blocked, id=10496, stack(0x000000d971f00000,0x000000d972000000)]
  0x00000244531d9000 JavaThread "jar transforms Thread 13" [_thread_blocked, id=12844, stack(0x000000d972000000,0x000000d972100000)]
  0x00000244531d3800 JavaThread "jar transforms Thread 14" [_thread_blocked, id=11540, stack(0x000000d972100000,0x000000d972200000)]
  0x00000244531d4000 JavaThread "jar transforms Thread 15" [_thread_blocked, id=2972, stack(0x000000d972200000,0x000000d972300000)]
  0x0000024453686800 JavaThread "jar transforms Thread 16" [_thread_blocked, id=10348, stack(0x000000d972300000,0x000000d972400000)]
  0x0000024453688800 JavaThread "Memory manager" [_thread_blocked, id=1112, stack(0x000000d970000000,0x000000d970100000)]
  0x000002445ae14000 JavaThread "Cache worker for Java compile cache (C:\Users\emppu\.gradle\caches\7.0.2\javaCompile)" [_thread_blocked, id=17736, stack(0x000000d973f00000,0x000000d974000000)]
  0x000002445fce0800 JavaThread "ForkJoinPool.commonPool-worker-23" daemon [_thread_blocked, id=2340, stack(0x000000d974b00000,0x000000d974c00000)]
  0x00000244539b4800 JavaThread "Daemon Thread 14" [_thread_blocked, id=19044, stack(0x000000d96c500000,0x000000d96c600000)]
  0x00000244539c2800 JavaThread "Daemon worker Thread 14" [_thread_blocked, id=12660, stack(0x000000d96d700000,0x000000d96d800000)]
  0x000002445368b800 JavaThread "ForkJoinPool.commonPool-worker-29" daemon [_thread_blocked, id=4832, stack(0x000000d974c00000,0x000000d974d00000)]
  0x0000024453690800 JavaThread "ForkJoinPool.commonPool-worker-15" daemon [_thread_blocked, id=18088, stack(0x000000d974d00000,0x000000d974e00000)]
  0x0000024453692000 JavaThread "ForkJoinPool.commonPool-worker-1" daemon [_thread_blocked, id=18712, stack(0x000000d974e00000,0x000000d974f00000)]
  0x000002445fce1000 JavaThread "ForkJoinPool.commonPool-worker-19" daemon [_thread_blocked, id=2712, stack(0x000000d974f00000,0x000000d975000000)]
  0x000002445fce2000 JavaThread "ForkJoinPool.commonPool-worker-5" daemon [_thread_blocked, id=3476, stack(0x000000d975000000,0x000000d975100000)]
  0x000002445fce2800 JavaThread "ForkJoinPool.commonPool-worker-9" daemon [_thread_blocked, id=7852, stack(0x000000d975100000,0x000000d975200000)]
  0x000002445fce3800 JavaThread "ForkJoinPool.commonPool-worker-25" daemon [_thread_blocked, id=15244, stack(0x000000d975200000,0x000000d975300000)]
  0x000002445fce7000 JavaThread "ForkJoinPool.commonPool-worker-27" daemon [_thread_blocked, id=16940, stack(0x000000d975300000,0x000000d975400000)]
  0x000002445fce6000 JavaThread "ForkJoinPool.commonPool-worker-31" daemon [_thread_blocked, id=10800, stack(0x000000d975400000,0x000000d975500000)]
  0x000002445fce4800 JavaThread "ForkJoinPool.commonPool-worker-17" daemon [_thread_blocked, id=18912, stack(0x000000d975500000,0x000000d975600000)]
  0x000002445fce5000 JavaThread "ForkJoinPool.commonPool-worker-13" daemon [_thread_blocked, id=3340, stack(0x000000d975600000,0x000000d975700000)]
  0x00000244531ce800 JavaThread "ForkJoinPool.commonPool-worker-3" daemon [_thread_blocked, id=15884, stack(0x000000d975700000,0x000000d975800000)]
  0x000002445ae0c800 JavaThread "Handler for socket connection from /127.0.0.1:60323 to /127.0.0.1:65226" [_thread_in_native, id=5732, stack(0x000000d96c600000,0x000000d96c700000)]
  0x000002445ae0d800 JavaThread "Cancel handler" [_thread_blocked, id=8304, stack(0x000000d96c700000,0x000000d96c800000)]
  0x000002445ae13000 JavaThread "Asynchronous log dispatcher for DefaultDaemonConnection: socket connection from /127.0.0.1:60323 to /127.0.0.1:65226" [_thread_blocked, id=17776, stack(0x000000d96dc00000,0x000000d96dd00000)]
  0x000002445ae0e800 JavaThread "Stdin handler" [_thread_blocked, id=18676, stack(0x000000d96dd00000,0x000000d96de00000)]
  0x000002445ae10000 JavaThread "Daemon client event forwarder" [_thread_blocked, id=15276, stack(0x000000d96e300000,0x000000d96e400000)]
  0x000002445ae11000 JavaThread "Cache worker for file hash cache (C:\Users\emppu\AndroidStudioProjects\Laakesovellus\.gradle\7.0.2\fileHashes)" [_thread_blocked, id=2768, stack(0x000000d96e400000,0x000000d96e500000)]
  0x000002445ae12800 JavaThread "Cache worker for checksums cache (C:\Users\emppu\AndroidStudioProjects\Laakesovellus\.gradle\checksums)" [_thread_blocked, id=3336, stack(0x000000d96e500000,0x000000d96e600000)]
  0x000002445ae15000 JavaThread "Cache worker for cache directory md-supplier (C:\Users\emppu\.gradle\caches\7.0.2\md-supplier)" [_thread_blocked, id=4184, stack(0x000000d96e600000,0x000000d96e700000)]
  0x000002445ae0f000 JavaThread "Cache worker for cache directory md-rule (C:\Users\emppu\.gradle\caches\7.0.2\md-rule)" [_thread_blocked, id=3636, stack(0x000000d96e700000,0x000000d96e800000)]
  0x000002445ae18000 JavaThread "Cache worker for dependencies-accessors (C:\Users\emppu\AndroidStudioProjects\Laakesovellus\.gradle\7.0.2\dependencies-accessors)" [_thread_blocked, id=916, stack(0x000000d96e800000,0x000000d96e900000)]
  0x000002445ae1b800 JavaThread "Cache worker for Build Output Cleanup Cache (C:\Users\emppu\AndroidStudioProjects\Laakesovellus\.gradle\buildOutputCleanup)" [_thread_blocked, id=11720, stack(0x000000d96e900000,0x000000d96ea00000)]
  0x000002445ae19000 JavaThread "Build operations" [_thread_blocked, id=9068, stack(0x000000d96f700000,0x000000d96f800000)]
  0x000002445ae1a000 JavaThread "Build operations Thread 2" [_thread_blocked, id=7964, stack(0x000000d96fb00000,0x000000d96fc00000)]
  0x000002445ae1a800 JavaThread "Build operations Thread 3" [_thread_blocked, id=7508, stack(0x000000d96fc00000,0x000000d96fd00000)]
  0x000002445ae15800 JavaThread "Build operations Thread 4" [_thread_blocked, id=15876, stack(0x000000d96fd00000,0x000000d96fe00000)]
  0x000002445ae17800 JavaThread "Build operations Thread 5" [_thread_blocked, id=11628, stack(0x000000d96fe00000,0x000000d96ff00000)]
  0x000002445ae16800 JavaThread "Build operations Thread 6" [_thread_blocked, id=16912, stack(0x000000d970500000,0x000000d970600000)]
  0x0000024452c51800 JavaThread "Build operations Thread 7" [_thread_blocked, id=9644, stack(0x000000d970600000,0x000000d970700000)]
  0x0000024452c52800 JavaThread "Build operations Thread 8" [_thread_blocked, id=1512, stack(0x000000d970700000,0x000000d970800000)]
  0x0000024452c53000 JavaThread "Build operations Thread 9" [_thread_blocked, id=3564, stack(0x000000d970800000,0x000000d970900000)]
  0x0000024452c54000 JavaThread "Build operations Thread 10" [_thread_blocked, id=18636, stack(0x000000d970900000,0x000000d970a00000)]
  0x0000024452c50000 JavaThread "Build operations Thread 11" [_thread_blocked, id=12756, stack(0x000000d970a00000,0x000000d970b00000)]
  0x0000024452c54800 JavaThread "Build operations Thread 12" [_thread_blocked, id=17052, stack(0x000000d970b00000,0x000000d970c00000)]
  0x0000024452c55800 JavaThread "Build operations Thread 13" [_thread_blocked, id=8788, stack(0x000000d970c00000,0x000000d970d00000)]
  0x0000024452c50800 JavaThread "Build operations Thread 14" [_thread_blocked, id=14652, stack(0x000000d970d00000,0x000000d970e00000)]
  0x0000024452c59000 JavaThread "Build operations Thread 15" [_thread_blocked, id=18328, stack(0x000000d970e00000,0x000000d970f00000)]
  0x0000024452c5b800 JavaThread "Build operations Thread 16" [_thread_blocked, id=11932, stack(0x000000d970f00000,0x000000d971000000)]
  0x0000024452c5c000 JavaThread "C1 CompilerThread1" daemon [_thread_blocked, id=14548, stack(0x000000d971000000,0x000000d971100000)]
  0x0000024452c57000 JavaThread "C2 CompilerThread1" daemon [_thread_in_native, id=2360, stack(0x000000d971100000,0x000000d971200000)]
  0x0000024452c5d000 JavaThread "C2 CompilerThread2" daemon [_thread_blocked, id=7068, stack(0x000000d971200000,0x000000d971300000)]
  0x0000024452c58000 JavaThread "build event listener" [_thread_blocked, id=3840, stack(0x000000d971300000,0x000000d971400000)]
  0x0000024452c59800 JavaThread "Execution worker for ':'" [_thread_blocked, id=18172, stack(0x000000d971400000,0x000000d971500000)]
  0x0000024452c5e800 JavaThread "Execution worker for ':' Thread 2" [_thread_blocked, id=12032, stack(0x000000d971500000,0x000000d971600000)]
  0x0000024452c5d800 JavaThread "Execution worker for ':' Thread 3" [_thread_blocked, id=7292, stack(0x000000d971600000,0x000000d971700000)]
  0x0000024452c5a800 JavaThread "Execution worker for ':' Thread 4" [_thread_blocked, id=3976, stack(0x000000d972400000,0x000000d972500000)]
  0x0000024458766800 JavaThread "Execution worker for ':' Thread 5" [_thread_blocked, id=11804, stack(0x000000d972500000,0x000000d972600000)]
  0x0000024458764000 JavaThread "Execution worker for ':' Thread 6" [_thread_blocked, id=5292, stack(0x000000d972600000,0x000000d972700000)]
  0x0000024458767000 JavaThread "Execution worker for ':' Thread 7" [_thread_blocked, id=17024, stack(0x000000d972700000,0x000000d972800000)]
  0x0000024458764800 JavaThread "Execution worker for ':' Thread 8" [_thread_blocked, id=6964, stack(0x000000d972800000,0x000000d972900000)]
  0x0000024458765800 JavaThread "Execution worker for ':' Thread 9" [_thread_blocked, id=19196, stack(0x000000d972900000,0x000000d972a00000)]
  0x0000024458768000 JavaThread "Execution worker for ':' Thread 10" [_thread_blocked, id=9032, stack(0x000000d972a00000,0x000000d972b00000)]
  0x0000024458763000 JavaThread "Execution worker for ':' Thread 11" [_thread_blocked, id=15572, stack(0x000000d972b00000,0x000000d972c00000)]
  0x000002445876d800 JavaThread "Execution worker for ':' Thread 12" [_thread_blocked, id=4668, stack(0x000000d972c00000,0x000000d972d00000)]
  0x000002445876c000 JavaThread "Execution worker for ':' Thread 13" [_thread_blocked, id=17624, stack(0x000000d972d00000,0x000000d972e00000)]
  0x000002445876d000 JavaThread "Execution worker for ':' Thread 14" [_thread_blocked, id=12364, stack(0x000000d972e00000,0x000000d972f00000)]
  0x0000024458769800 JavaThread "Execution worker for ':' Thread 15" [_thread_blocked, id=312, stack(0x000000d972f00000,0x000000d973000000)]
  0x000002445876e800 JavaThread "Cache worker for execution history cache (C:\Users\emppu\AndroidStudioProjects\Laakesovellus\.gradle\7.0.2\executionHistory)" [_thread_blocked, id=10972, stack(0x000000d973000000,0x000000d973100000)]
  0x000002445876f800 JavaThread "WorkerExecutor Queue" [_thread_blocked, id=416, stack(0x000000d973100000,0x000000d973200000)]
  0x0000024458770000 JavaThread "C2 CompilerThread3" daemon [_thread_blocked, id=9668, stack(0x000000d973200000,0x000000d973300000)]
  0x000002445876a800 JavaThread "C2 CompilerThread4" daemon [_thread_blocked, id=8592, stack(0x000000d973300000,0x000000d973400000)]
  0x0000024458771000 JavaThread "C2 CompilerThread5" daemon [_thread_in_native, id=9392, stack(0x000000d973400000,0x000000d973500000)]
  0x000002445876b000 JavaThread "WorkerExecutor Queue Thread 2" [_thread_blocked, id=13216, stack(0x000000d973500000,0x000000d973600000)]
  0x0000024458771800 JavaThread "WorkerExecutor Queue Thread 3" [_thread_blocked, id=9272, stack(0x000000d973600000,0x000000d973700000)]
  0x0000024453686000 JavaThread "WorkerExecutor Queue Thread 4" [_thread_blocked, id=388, stack(0x000000d973700000,0x000000d973800000)]
  0x0000024453683800 JavaThread "WorkerExecutor Queue Thread 5" [_thread_blocked, id=8568, stack(0x000000d973800000,0x000000d973900000)]
  0x000002445368c800 JavaThread "WorkerExecutor Queue Thread 6" [_thread_blocked, id=6360, stack(0x000000d973900000,0x000000d973a00000)]
  0x000002445368a800 JavaThread "WorkerExecutor Queue Thread 7" [_thread_blocked, id=7016, stack(0x000000d973a00000,0x000000d973b00000)]
  0x0000024453687800 JavaThread "WorkerExecutor Queue Thread 8" [_thread_blocked, id=7640, stack(0x000000d973b00000,0x000000d973c00000)]
  0x000002445368e000 JavaThread "WorkerExecutor Queue Thread 9" [_thread_blocked, id=6364, stack(0x000000d973c00000,0x000000d973d00000)]
  0x000002445368d000 JavaThread "WorkerExecutor Queue Thread 10" [_thread_blocked, id=17032, stack(0x000000d973d00000,0x000000d973e00000)]
  0x000002445368f000 JavaThread "WorkerExecutor Queue Thread 11" [_thread_blocked, id=17752, stack(0x000000d973e00000,0x000000d973f00000)]
  0x000002445368f800 JavaThread "WorkerExecutor Queue Thread 12" [_thread_blocked, id=8992, stack(0x000000d974000000,0x000000d974100000)]
  0x000002445368a000 JavaThread "WorkerExecutor Queue Thread 13" [_thread_blocked, id=19288, stack(0x000000d974100000,0x000000d974200000)]
  0x0000024453691800 JavaThread "WorkerExecutor Queue Thread 14" [_thread_blocked, id=1140, stack(0x000000d974200000,0x000000d974300000)]
  0x00000244539bb800 JavaThread "WorkerExecutor Queue Thread 15" [_thread_blocked, id=15660, stack(0x000000d974300000,0x000000d974400000)]
  0x00000244539b6000 JavaThread "pool-66-thread-1" [_thread_blocked, id=9856, stack(0x000000d974400000,0x000000d974500000)]
  0x00000244539c3000 JavaThread "stderr" [_thread_in_native, id=1700, stack(0x000000d974500000,0x000000d974600000)]
  0x00000244539c0800 JavaThread "stdout" [_thread_in_native, id=11920, stack(0x000000d974600000,0x000000d974700000)]
  0x00000244539c1800 JavaThread "C2 CompilerThread6" daemon [_thread_in_native, id=10296, stack(0x000000d974700000,0x000000d974800000)]
  0x000002445cd73800 JavaThread "C1 CompilerThread2" daemon [_thread_blocked, id=180, stack(0x000000d976500000,0x000000d976600000)]
  0x000002445cd72000 JavaThread "Cache worker for Java compile cache (C:\Users\emppu\AndroidStudioProjects\Laakesovellus\.gradle\7.0.2\javaCompile)" [_thread_blocked, id=7912, stack(0x000000d974800000,0x000000d974900000)]
  0x000002445cd73000 JavaThread "WorkerExecutor Queue Thread 16" [_thread_blocked, id=5472, stack(0x000000d974900000,0x000000d974a00000)]
  0x000002445cd6f800 JavaThread "WorkerExecutor Queue Thread 17" [_thread_blocked, id=10252, stack(0x000000d974a00000,0x000000d974b00000)]
  0x000002445cd78800 JavaThread "C1 CompilerThread3" daemon [_thread_blocked, id=4680, stack(0x000000d975800000,0x000000d975900000)]
  0x000002445cd79800 JavaThread "C2 CompilerThread7" daemon [_thread_blocked, id=3020, stack(0x000000d975900000,0x000000d975a00000)]

Other Threads:
=>0x00000244500e5800 VMThread "VM Thread" [stack: 0x000000d96ce00000,0x000000d96cf00000] [id=9208]
  0x000002445036e000 WatcherThread [stack: 0x000000d96d900000,0x000000d96da00000] [id=11504]
  0x0000024434183000 GCTaskThread "GC Thread#0" [stack: 0x000000d96c900000,0x000000d96ca00000] [id=7744]
  0x00000244510e5000 GCTaskThread "GC Thread#1" [stack: 0x000000d96de00000,0x000000d96df00000] [id=2764]
  0x0000024451417800 GCTaskThread "GC Thread#2" [stack: 0x000000d96df00000,0x000000d96e000000] [id=1632]
  0x0000024451418000 GCTaskThread "GC Thread#3" [stack: 0x000000d96e000000,0x000000d96e100000] [id=15964]
  0x0000024450c18000 GCTaskThread "GC Thread#4" [stack: 0x000000d96e100000,0x000000d96e200000] [id=16196]
  0x000002445279b800 GCTaskThread "GC Thread#5" [stack: 0x000000d96ec00000,0x000000d96ed00000] [id=10872]
  0x00000244524ff800 GCTaskThread "GC Thread#6" [stack: 0x000000d96ed00000,0x000000d96ee00000] [id=18992]
  0x000002445266b800 GCTaskThread "GC Thread#7" [stack: 0x000000d96ee00000,0x000000d96ef00000] [id=12040]
  0x0000024451a4c800 GCTaskThread "GC Thread#8" [stack: 0x000000d96ef00000,0x000000d96f000000] [id=18668]
  0x00000244524b9000 GCTaskThread "GC Thread#9" [stack: 0x000000d96f000000,0x000000d96f100000] [id=9656]
  0x0000024452925000 GCTaskThread "GC Thread#10" [stack: 0x000000d96f100000,0x000000d96f200000] [id=14504]
  0x00000244525f6800 GCTaskThread "GC Thread#11" [stack: 0x000000d96f200000,0x000000d96f300000] [id=10140]
  0x000002445195b000 GCTaskThread "GC Thread#12" [stack: 0x000000d96f300000,0x000000d96f400000] [id=6112]
  0x00000244341b5000 ConcurrentGCThread "G1 Main Marker" [stack: 0x000000d96ca00000,0x000000d96cb00000] [id=18068]
  0x00000244341b9000 ConcurrentGCThread "G1 Conc#0" [stack: 0x000000d96cb00000,0x000000d96cc00000] [id=7356]
  0x000002445168d800 ConcurrentGCThread "G1 Conc#1" [stack: 0x000000d96f400000,0x000000d96f500000] [id=19372]
  0x000002445118b800 ConcurrentGCThread "G1 Conc#2" [stack: 0x000000d96f500000,0x000000d96f600000] [id=19400]
  0x000002443424e000 ConcurrentGCThread "G1 Refine#0" [stack: 0x000000d96cc00000,0x000000d96cd00000] [id=6648]
  0x0000024453e09800 ConcurrentGCThread "G1 Refine#1" [stack: 0x000000d96f800000,0x000000d96f900000] [id=5452]
  0x0000024453e13000 ConcurrentGCThread "G1 Refine#2" [stack: 0x000000d976700000,0x000000d976800000] [id=7604]
  0x000002444f731800 ConcurrentGCThread "G1 Young RemSet Sampling" [stack: 0x000000d96cd00000,0x000000d96ce00000] [id=12028]

Threads with active compile tasks:
C2 CompilerThread06833494 33269       4       com.android.tools.r8.graph.B0$d::<init> (207 bytes)
C2 CompilerThread16833494 33519       4       com.android.tools.r8.internal.Su::a (40 bytes)
C2 CompilerThread26833494 33516       4       com.android.tools.r8.graph.v0::c (12 bytes)
C2 CompilerThread36833494 33533       4       java.util.TimSort::mergeHi (732 bytes)
C2 CompilerThread46833494 33418 %     4       com.android.tools.r8.internal.T6::a @ 2458 (4191 bytes)
C2 CompilerThread56833494 33251       4       com.android.tools.r8.graph.B0$d::c (797 bytes)
C2 CompilerThread66833494 33261       4       com.android.tools.r8.graph.B0$c::a (559 bytes)
C2 CompilerThread76833494 33517       4       com.android.tools.r8.internal.Su$$Lambda$3026/0x0000000101014c40::compare (20 bytes)

VM state:at safepoint (normal execution)

VM Mutex/Monitor currently owned by a thread:  ([mutex/lock_event])
[0x0000024434167300] Threads_lock - owner thread: 0x00000244500e5800
[0x0000024434166a00] Heap_lock - owner thread: 0x000002445876f800

Heap address: 0x0000000080000000, size: 2048 MB, Compressed Oops mode: 32-bit
Narrow klass base: 0x0000000000000000, Narrow klass shift: 3
Compressed class space size: 1073741824 Address: 0x0000000100000000

Heap:
 garbage-first heap   total 444416K, used 129671K [0x0000000080000000, 0x0000000100000000)
  region size 1024K, 2 young (2048K), 2 survivors (2048K)
 Metaspace       used 132725K, capacity 137375K, committed 137712K, reserved 1169408K
  class space    used 16124K, capacity 17785K, committed 17868K, reserved 1048576K
Heap Regions: E=young(eden), S=young(survivor), O=old, HS=humongous(starts), HC=humongous(continues), CS=collection set, F=free, A=archive, TAMS=top-at-mark-start (previous, next)
|   0|0x0000000080000000, 0x0000000080100000, 0x0000000080100000|100%| O|  |TAMS 0x0000000080100000, 0x0000000080000000| Untracked 
|   1|0x0000000080100000, 0x0000000080200000, 0x0000000080200000|100%| O|  |TAMS 0x0000000080200000, 0x0000000080100000| Untracked 
|   2|0x0000000080200000, 0x0000000080300000, 0x0000000080300000|100%| O|  |TAMS 0x0000000080300000, 0x0000000080200000| Untracked 
|   3|0x0000000080300000, 0x0000000080400000, 0x0000000080400000|100%|HS|  |TAMS 0x0000000080400000, 0x0000000080300000| Complete 
|   4|0x0000000080400000, 0x0000000080500000, 0x0000000080500000|100%|HC|  |TAMS 0x0000000080500000, 0x0000000080400000| Complete 
|   5|0x0000000080500000, 0x0000000080600000, 0x0000000080600000|100%|HC|  |TAMS 0x0000000080600000, 0x0000000080500000| Complete 
|   6|0x0000000080600000, 0x0000000080700000, 0x0000000080700000|100%| O|  |TAMS 0x0000000080700000, 0x0000000080600000| Untracked 
|   7|0x0000000080700000, 0x0000000080800000, 0x0000000080800000|100%| O|  |TAMS 0x0000000080800000, 0x0000000080700000| Untracked 
|   8|0x0000000080800000, 0x0000000080900000, 0x0000000080900000|100%| O|  |TAMS 0x0000000080900000, 0x0000000080800000| Untracked 
|   9|0x0000000080900000, 0x0000000080a00000, 0x0000000080a00000|100%| O|  |TAMS 0x0000000080a00000, 0x0000000080900000| Untracked 
|  10|0x0000000080a00000, 0x0000000080b00000, 0x0000000080b00000|100%| O|  |TAMS 0x0000000080b00000, 0x0000000080a00000| Complete 
|  11|0x0000000080b00000, 0x0000000080c00000, 0x0000000080c00000|100%| O|  |TAMS 0x0000000080c00000, 0x0000000080b00000| Untracked 
|  12|0x0000000080c00000, 0x0000000080d00000, 0x0000000080d00000|100%| O|  |TAMS 0x0000000080d00000, 0x0000000080c00000| Untracked 
|  13|0x0000000080d00000, 0x0000000080e00000, 0x0000000080e00000|100%| O|  |TAMS 0x0000000080e00000, 0x0000000080d00000| Untracked 
|  14|0x0000000080e00000, 0x0000000080f00000, 0x0000000080f00000|100%| O|  |TAMS 0x0000000080f00000, 0x0000000080e00000| Complete 
|  15|0x0000000080f00000, 0x0000000081000000, 0x0000000081000000|100%| O|  |TAMS 0x0000000081000000, 0x0000000080f00000| Untracked 
|  16|0x0000000081000000, 0x0000000081100000, 0x0000000081100000|100%| O|  |TAMS 0x0000000081100000, 0x0000000081000000| Complete 
|  17|0x0000000081100000, 0x0000000081200000, 0x0000000081200000|100%|HS|  |TAMS 0x0000000081200000, 0x0000000081100000| Complete 
|  18|0x0000000081200000, 0x0000000081300000, 0x0000000081300000|100%|HS|  |TAMS 0x0000000081300000, 0x0000000081200000| Complete 
|  19|0x0000000081300000, 0x0000000081400000, 0x0000000081400000|100%|HS|  |TAMS 0x0000000081400000, 0x0000000081300000| Complete 
|  20|0x0000000081400000, 0x0000000081500000, 0x0000000081500000|100%|HC|  |TAMS 0x0000000081500000, 0x0000000081400000| Complete 
|  21|0x0000000081500000, 0x0000000081600000, 0x0000000081600000|100%| O|  |TAMS 0x0000000081600000, 0x0000000081500000| Untracked 
|  22|0x0000000081600000, 0x0000000081700000, 0x0000000081700000|100%| O|  |TAMS 0x0000000081700000, 0x0000000081600000| Complete 
|  23|0x0000000081700000, 0x0000000081800000, 0x0000000081800000|100%| O|  |TAMS 0x0000000081800000, 0x0000000081700000| Untracked 
|  24|0x0000000081800000, 0x0000000081900000, 0x0000000081900000|100%| O|  |TAMS 0x0000000081900000, 0x0000000081800000| Untracked 
|  25|0x0000000081900000, 0x0000000081a00000, 0x0000000081a00000|100%| O|  |TAMS 0x0000000081a00000, 0x0000000081900000| Complete 
|  26|0x0000000081a00000, 0x0000000081b00000, 0x0000000081b00000|100%| O|  |TAMS 0x0000000081b00000, 0x0000000081a00000| Complete 
|  27|0x0000000081b00000, 0x0000000081c00000, 0x0000000081c00000|100%| O|  |TAMS 0x0000000081c00000, 0x0000000081b00000| Untracked 
|  28|0x0000000081c00000, 0x0000000081d00000, 0x0000000081d00000|100%| O|  |TAMS 0x0000000081d00000, 0x0000000081c00000| Untracked 
|  29|0x0000000081d00000, 0x0000000081e00000, 0x0000000081e00000|100%| O|  |TAMS 0x0000000081e00000, 0x0000000081d00000| Untracked 
|  30|0x0000000081e00000, 0x0000000081f00000, 0x0000000081f00000|100%| O|  |TAMS 0x0000000081f00000, 0x0000000081e00000| Untracked 
|  31|0x0000000081f00000, 0x0000000082000000, 0x0000000082000000|100%| O|  |TAMS 0x0000000082000000, 0x0000000081f00000| Untracked 
|  32|0x0000000082000000, 0x0000000082100000, 0x0000000082100000|100%| O|  |TAMS 0x0000000082100000, 0x0000000082000000| Complete 
|  33|0x0000000082100000, 0x0000000082200000, 0x0000000082200000|100%| O|  |TAMS 0x0000000082200000, 0x0000000082100000| Untracked 
|  34|0x0000000082200000, 0x0000000082200000, 0x0000000082300000|  0%| F|  |TAMS 0x0000000082200000, 0x0000000082200000| Untracked 
|  35|0x0000000082300000, 0x0000000082400000, 0x0000000082400000|100%| O|  |TAMS 0x0000000082400000, 0x0000000082300000| Untracked 
|  36|0x0000000082400000, 0x0000000082500000, 0x0000000082500000|100%| O|  |TAMS 0x0000000082500000, 0x0000000082400000| Complete 
|  37|0x0000000082500000, 0x0000000082600000, 0x0000000082600000|100%| O|  |TAMS 0x0000000082600000, 0x0000000082500000| Complete 
|  38|0x0000000082600000, 0x0000000082700000, 0x0000000082700000|100%| O|  |TAMS 0x0000000082700000, 0x0000000082600000| Complete 
|  39|0x0000000082700000, 0x0000000082800000, 0x0000000082800000|100%| O|  |TAMS 0x0000000082800000, 0x0000000082700000| Complete 
|  40|0x0000000082800000, 0x0000000082900000, 0x0000000082900000|100%| O|  |TAMS 0x0000000082900000, 0x0000000082800000| Complete 
|  41|0x0000000082900000, 0x0000000082a00000, 0x0000000082a00000|100%| O|  |TAMS 0x0000000082a00000, 0x0000000082900000| Complete 
|  42|0x0000000082a00000, 0x0000000082b00000, 0x0000000082b00000|100%| O|  |TAMS 0x0000000082b00000, 0x0000000082a00000| Complete 
|  43|0x0000000082b00000, 0x0000000082c00000, 0x0000000082c00000|100%| O|  |TAMS 0x0000000082c00000, 0x0000000082b00000| Complete 
|  44|0x0000000082c00000, 0x0000000082d00000, 0x0000000082d00000|100%| O|  |TAMS 0x0000000082d00000, 0x0000000082c00000| Complete 
|  45|0x0000000082d00000, 0x0000000082e00000, 0x0000000082e00000|100%| O|  |TAMS 0x0000000082e00000, 0x0000000082d00000| Untracked 
|  46|0x0000000082e00000, 0x0000000082f00000, 0x0000000082f00000|100%| O|  |TAMS 0x0000000082f00000, 0x0000000082e00000| Complete 
|  47|0x0000000082f00000, 0x0000000083000000, 0x0000000083000000|100%| O|  |TAMS 0x0000000083000000, 0x0000000082f00000| Complete 
|  48|0x0000000083000000, 0x0000000083100000, 0x0000000083100000|100%| O|  |TAMS 0x0000000083100000, 0x0000000083000000| Untracked 
|  49|0x0000000083100000, 0x0000000083200000, 0x0000000083200000|100%| O|  |TAMS 0x0000000083200000, 0x0000000083100000| Untracked 
|  50|0x0000000083200000, 0x0000000083300000, 0x0000000083300000|100%| O|  |TAMS 0x0000000083300000, 0x0000000083200000| Complete 
|  51|0x0000000083300000, 0x0000000083400000, 0x0000000083400000|100%| O|  |TAMS 0x0000000083400000, 0x0000000083300000| Untracked 
|  52|0x0000000083400000, 0x0000000083500000, 0x0000000083500000|100%| O|  |TAMS 0x0000000083500000, 0x0000000083400000| Complete 
|  53|0x0000000083500000, 0x0000000083600000, 0x0000000083600000|100%| O|  |TAMS 0x0000000083600000, 0x0000000083500000| Complete 
|  54|0x0000000083600000, 0x0000000083700000, 0x0000000083700000|100%| O|  |TAMS 0x0000000083700000, 0x0000000083600000| Untracked 
|  55|0x0000000083700000, 0x0000000083800000, 0x0000000083800000|100%| O|  |TAMS 0x0000000083800000, 0x0000000083700000| Untracked 
|  56|0x0000000083800000, 0x0000000083900000, 0x0000000083900000|100%| O|  |TAMS 0x0000000083900000, 0x0000000083800000| Untracked 
|  57|0x0000000083900000, 0x0000000083a00000, 0x0000000083a00000|100%| O|  |TAMS 0x0000000083a00000, 0x0000000083900000| Complete 
|  58|0x0000000083a00000, 0x0000000083b00000, 0x0000000083b00000|100%| O|  |TAMS 0x0000000083b00000, 0x0000000083a00000| Untracked 
|  59|0x0000000083b00000, 0x0000000083c00000, 0x0000000083c00000|100%| O|  |TAMS 0x0000000083c00000, 0x0000000083b00000| Untracked 
|  60|0x0000000083c00000, 0x0000000083d00000, 0x0000000083d00000|100%| O|  |TAMS 0x0000000083d00000, 0x0000000083c00000| Complete 
|  61|0x0000000083d00000, 0x0000000083e00000, 0x0000000083e00000|100%| O|  |TAMS 0x0000000083e00000, 0x0000000083d00000| Untracked 
|  62|0x0000000083e00000, 0x0000000083f00000, 0x0000000083f00000|100%| O|  |TAMS 0x0000000083f00000, 0x0000000083e00000| Complete 
|  63|0x0000000083f00000, 0x0000000084000000, 0x0000000084000000|100%| O|  |TAMS 0x0000000084000000, 0x0000000083f00000| Complete 
|  64|0x0000000084000000, 0x0000000084000000, 0x0000000084100000|  0%| F|  |TAMS 0x0000000084000000, 0x0000000084000000| Untracked 
|  65|0x0000000084100000, 0x0000000084100000, 0x0000000084200000|  0%| F|  |TAMS 0x0000000084100000, 0x0000000084100000| Untracked 
|  66|0x0000000084200000, 0x0000000084300000, 0x0000000084300000|100%| O|  |TAMS 0x0000000084300000, 0x0000000084200000| Complete 
|  67|0x0000000084300000, 0x0000000084400000, 0x0000000084400000|100%| O|  |TAMS 0x0000000084400000, 0x0000000084300000| Complete 
|  68|0x0000000084400000, 0x0000000084500000, 0x0000000084500000|100%| O|  |TAMS 0x0000000084500000, 0x0000000084400000| Untracked 
|  69|0x0000000084500000, 0x0000000084600000, 0x0000000084600000|100%| O|  |TAMS 0x0000000084600000, 0x0000000084500000| Untracked 
|  70|0x0000000084600000, 0x0000000084700000, 0x0000000084700000|100%| O|  |TAMS 0x0000000084700000, 0x0000000084600000| Complete 
|  71|0x0000000084700000, 0x0000000084800000, 0x0000000084800000|100%| O|  |TAMS 0x0000000084800000, 0x0000000084700000| Untracked 
|  72|0x0000000084800000, 0x0000000084900000, 0x0000000084900000|100%| O|  |TAMS 0x0000000084900000, 0x0000000084800000| Untracked 
|  73|0x0000000084900000, 0x0000000084a00000, 0x0000000084a00000|100%| O|  |TAMS 0x0000000084a00000, 0x0000000084900000| Untracked 
|  74|0x0000000084a00000, 0x0000000084b00000, 0x0000000084b00000|100%| O|  |TAMS 0x0000000084b00000, 0x0000000084a00000| Untracked 
|  75|0x0000000084b00000, 0x0000000084c00000, 0x0000000084c00000|100%| O|  |TAMS 0x0000000084c00000, 0x0000000084b00000| Complete 
|  76|0x0000000084c00000, 0x0000000084d00000, 0x0000000084d00000|100%| O|  |TAMS 0x0000000084d00000, 0x0000000084c00000| Complete 
|  77|0x0000000084d00000, 0x0000000084e00000, 0x0000000084e00000|100%| O|  |TAMS 0x0000000084e00000, 0x0000000084d00000| Untracked 
|  78|0x0000000084e00000, 0x0000000084f00000, 0x0000000084f00000|100%| O|  |TAMS 0x0000000084f00000, 0x0000000084e00000| Untracked 
|  79|0x0000000084f00000, 0x0000000085000000, 0x0000000085000000|100%| O|  |TAMS 0x0000000085000000, 0x0000000084f00000| Untracked 
|  80|0x0000000085000000, 0x0000000085100000, 0x0000000085100000|100%| O|  |TAMS 0x0000000085100000, 0x0000000085000000| Untracked 
|  81|0x0000000085100000, 0x0000000085200000, 0x0000000085200000|100%| O|  |TAMS 0x0000000085200000, 0x0000000085100000| Untracked 
|  82|0x0000000085200000, 0x0000000085300000, 0x0000000085300000|100%| O|  |TAMS 0x0000000085300000, 0x0000000085200000| Untracked 
|  83|0x0000000085300000, 0x0000000085400000, 0x0000000085400000|100%| O|  |TAMS 0x0000000085400000, 0x0000000085300000| Complete 
|  84|0x0000000085400000, 0x0000000085500000, 0x0000000085500000|100%| O|  |TAMS 0x0000000085500000, 0x0000000085400000| Complete 
|  85|0x0000000085500000, 0x0000000085600000, 0x0000000085600000|100%| O|  |TAMS 0x0000000085600000, 0x0000000085500000| Untracked 
|  86|0x0000000085600000, 0x0000000085700000, 0x0000000085700000|100%| O|  |TAMS 0x0000000085700000, 0x0000000085600000| Untracked 
|  87|0x0000000085700000, 0x0000000085800000, 0x0000000085800000|100%| O|  |TAMS 0x0000000085800000, 0x0000000085700000| Untracked 
|  88|0x0000000085800000, 0x0000000085900000, 0x0000000085900000|100%| O|  |TAMS 0x0000000085900000, 0x0000000085800000| Complete 
|  89|0x0000000085900000, 0x0000000085a00000, 0x0000000085a00000|100%| O|  |TAMS 0x0000000085a00000, 0x0000000085900000| Untracked 
|  90|0x0000000085a00000, 0x0000000085b00000, 0x0000000085b00000|100%| O|  |TAMS 0x0000000085b00000, 0x0000000085a00000| Untracked 
|  91|0x0000000085b00000, 0x0000000085c00000, 0x0000000085c00000|100%| O|  |TAMS 0x0000000085c00000, 0x0000000085b00000| Untracked 
|  92|0x0000000085c00000, 0x0000000085d00000, 0x0000000085d00000|100%| O|  |TAMS 0x0000000085d00000, 0x0000000085c00000| Complete 
|  93|0x0000000085d00000, 0x0000000085e00000, 0x0000000085e00000|100%| O|  |TAMS 0x0000000085e00000, 0x0000000085d00000| Complete 
|  94|0x0000000085e00000, 0x0000000085f00000, 0x0000000085f00000|100%| O|  |TAMS 0x0000000085f00000, 0x0000000085e00000| Untracked 
|  95|0x0000000085f00000, 0x0000000086000000, 0x0000000086000000|100%| O|  |TAMS 0x0000000086000000, 0x0000000085f00000| Untracked 
|  96|0x0000000086000000, 0x0000000086100000, 0x0000000086100000|100%| O|  |TAMS 0x0000000086097200, 0x0000000086000000| Untracked 
|  97|0x0000000086100000, 0x0000000086200000, 0x0000000086200000|100%| O|  |TAMS 0x0000000086200000, 0x0000000086100000| Complete 
|  98|0x0000000086200000, 0x0000000086300000, 0x0000000086300000|100%| O|  |TAMS 0x0000000086300000, 0x0000000086200000| Complete 
|  99|0x0000000086300000, 0x0000000086400000, 0x0000000086400000|100%| O|  |TAMS 0x0000000086400000, 0x0000000086300000| Complete 
| 100|0x0000000086400000, 0x0000000086500000, 0x0000000086500000|100%| O|  |TAMS 0x0000000086500000, 0x0000000086400000| Complete 
| 101|0x0000000086500000, 0x0000000086600000, 0x0000000086600000|100%| O|  |TAMS 0x0000000086600000, 0x0000000086500000| Untracked 
| 102|0x0000000086600000, 0x0000000086700000, 0x0000000086700000|100%| O|  |TAMS 0x0000000086700000, 0x0000000086600000| Complete 
| 103|0x0000000086700000, 0x0000000086800000, 0x0000000086800000|100%| O|  |TAMS 0x0000000086700000, 0x0000000086700000| Untracked 
| 104|0x0000000086800000, 0x0000000086900000, 0x0000000086900000|100%| O|  |TAMS 0x0000000086800000, 0x0000000086800000| Untracked 
| 105|0x0000000086900000, 0x0000000086a00000, 0x0000000086a00000|100%| O|  |TAMS 0x0000000086900000, 0x0000000086900000| Untracked 
| 106|0x0000000086a00000, 0x0000000086b00000, 0x0000000086b00000|100%| O|  |TAMS 0x0000000086b00000, 0x0000000086a00000| Complete 
| 107|0x0000000086b00000, 0x0000000086c00000, 0x0000000086c00000|100%| O|  |TAMS 0x0000000086b00000, 0x0000000086b00000| Untracked 
| 108|0x0000000086c00000, 0x0000000086d00000, 0x0000000086d00000|100%| O|  |TAMS 0x0000000086c00000, 0x0000000086c00000| Untracked 
| 109|0x0000000086d00000, 0x0000000086e00000, 0x0000000086e00000|100%| O|  |TAMS 0x0000000086d00000, 0x0000000086d00000| Untracked 
| 110|0x0000000086e00000, 0x0000000086f00000, 0x0000000086f00000|100%| O|  |TAMS 0x0000000086e00000, 0x0000000086e00000| Untracked 
| 111|0x0000000086f00000, 0x0000000087000000, 0x0000000087000000|100%| O|  |TAMS 0x0000000087000000, 0x0000000086f00000| Complete 
| 112|0x0000000087000000, 0x0000000087100000, 0x0000000087100000|100%| O|  |TAMS 0x0000000087000000, 0x0000000087000000| Untracked 
| 113|0x0000000087100000, 0x0000000087200000, 0x0000000087200000|100%| O|  |TAMS 0x0000000087100000, 0x0000000087100000| Untracked 
| 114|0x0000000087200000, 0x0000000087300000, 0x0000000087300000|100%| O|  |TAMS 0x0000000087200000, 0x0000000087200000| Untracked 
| 115|0x0000000087300000, 0x0000000087400000, 0x0000000087400000|100%| O|  |TAMS 0x0000000087300000, 0x0000000087300000| Untracked 
| 116|0x0000000087400000, 0x0000000087500000, 0x0000000087500000|100%| O|  |TAMS 0x0000000087400000, 0x0000000087400000| Untracked 
| 117|0x0000000087500000, 0x0000000087500000, 0x0000000087600000|  0%| F|  |TAMS 0x0000000087500000, 0x0000000087500000| Untracked 
| 118|0x0000000087600000, 0x0000000087700000, 0x0000000087700000|100%| O|  |TAMS 0x0000000087600000, 0x0000000087600000| Untracked 
| 119|0x0000000087700000, 0x0000000087800000, 0x0000000087800000|100%| O|  |TAMS 0x0000000087700000, 0x0000000087700000| Untracked 
| 120|0x0000000087800000, 0x0000000087900000, 0x0000000087900000|100%| O|  |TAMS 0x0000000087800000, 0x0000000087800000| Untracked 
| 121|0x0000000087900000, 0x0000000087a00000, 0x0000000087a00000|100%| O|  |TAMS 0x0000000087900000, 0x0000000087900000| Untracked 
| 122|0x0000000087a00000, 0x0000000087b00000, 0x0000000087b00000|100%| O|  |TAMS 0x0000000087b00000, 0x0000000087a00000| Complete 
| 123|0x0000000087b00000, 0x0000000087c00000, 0x0000000087c00000|100%| O|  |TAMS 0x0000000087c00000, 0x0000000087b00000| Complete 
| 124|0x0000000087c00000, 0x0000000087c7f600, 0x0000000087d00000| 49%| O|  |TAMS 0x0000000087c00000, 0x0000000087c00000| Untracked 
| 125|0x0000000087d00000, 0x0000000087d00000, 0x0000000087e00000|  0%| F|  |TAMS 0x0000000087d00000, 0x0000000087d00000| Untracked 
| 126|0x0000000087e00000, 0x0000000087e00000, 0x0000000087f00000|  0%| F|  |TAMS 0x0000000087e00000, 0x0000000087e00000| Untracked 
| 127|0x0000000087f00000, 0x0000000087f00000, 0x0000000088000000|  0%| F|  |TAMS 0x0000000087f00000, 0x0000000087f00000| Untracked 
| 128|0x0000000088000000, 0x0000000088000000, 0x0000000088100000|  0%| F|  |TAMS 0x0000000088000000, 0x0000000088000000| Untracked 
| 129|0x0000000088100000, 0x0000000088100000, 0x0000000088200000|  0%| F|  |TAMS 0x0000000088100000, 0x0000000088100000| Untracked 
| 130|0x0000000088200000, 0x0000000088200000, 0x0000000088300000|  0%| F|  |TAMS 0x0000000088200000, 0x0000000088200000| Untracked 
| 131|0x0000000088300000, 0x0000000088300000, 0x0000000088400000|  0%| F|  |TAMS 0x0000000088300000, 0x0000000088300000| Untracked 
| 132|0x0000000088400000, 0x0000000088400000, 0x0000000088500000|  0%| F|  |TAMS 0x0000000088400000, 0x0000000088400000| Untracked 
| 133|0x0000000088500000, 0x0000000088500000, 0x0000000088600000|  0%| F|  |TAMS 0x0000000088500000, 0x0000000088500000| Untracked 
| 134|0x0000000088600000, 0x0000000088600000, 0x0000000088700000|  0%| F|  |TAMS 0x0000000088600000, 0x0000000088600000| Untracked 
| 135|0x0000000088700000, 0x0000000088800000, 0x0000000088800000|100%| O|  |TAMS 0x0000000088800000, 0x0000000088700000| Complete 
| 136|0x0000000088800000, 0x0000000088900000, 0x0000000088900000|100%| O|  |TAMS 0x0000000088900000, 0x0000000088800000| Complete 
| 137|0x0000000088900000, 0x0000000088a00000, 0x0000000088a00000|100%| O|  |TAMS 0x0000000088a00000, 0x0000000088900000| Complete 
| 138|0x0000000088a00000, 0x0000000088a00000, 0x0000000088b00000|  0%| F|  |TAMS 0x0000000088a00000, 0x0000000088a00000| Untracked 
| 139|0x0000000088b00000, 0x0000000088b00000, 0x0000000088c00000|  0%| F|  |TAMS 0x0000000088b00000, 0x0000000088b00000| Untracked 
| 140|0x0000000088c00000, 0x0000000088c00000, 0x0000000088d00000|  0%| F|  |TAMS 0x0000000088c00000, 0x0000000088c00000| Untracked 
| 141|0x0000000088d00000, 0x0000000088d00000, 0x0000000088e00000|  0%| F|  |TAMS 0x0000000088d00000, 0x0000000088d00000| Untracked 
| 142|0x0000000088e00000, 0x0000000088e00000, 0x0000000088f00000|  0%| F|  |TAMS 0x0000000088e00000, 0x0000000088e00000| Untracked 
| 143|0x0000000088f00000, 0x0000000088f00000, 0x0000000089000000|  0%| F|  |TAMS 0x0000000088f00000, 0x0000000088f00000| Untracked 
| 144|0x0000000089000000, 0x0000000089000000, 0x0000000089100000|  0%| F|  |TAMS 0x0000000089000000, 0x0000000089000000| Untracked 
| 145|0x0000000089100000, 0x0000000089100000, 0x0000000089200000|  0%| F|  |TAMS 0x0000000089100000, 0x0000000089100000| Untracked 
| 146|0x0000000089200000, 0x0000000089200000, 0x0000000089300000|  0%| F|  |TAMS 0x0000000089200000, 0x0000000089200000| Untracked 
| 147|0x0000000089300000, 0x0000000089300000, 0x0000000089400000|  0%| F|  |TAMS 0x0000000089300000, 0x0000000089300000| Untracked 
| 148|0x0000000089400000, 0x0000000089400000, 0x0000000089500000|  0%| F|  |TAMS 0x0000000089400000, 0x0000000089400000| Untracked 
| 149|0x0000000089500000, 0x0000000089500000, 0x0000000089600000|  0%| F|  |TAMS 0x0000000089500000, 0x0000000089500000| Untracked 
| 150|0x0000000089600000, 0x0000000089700000, 0x0000000089700000|100%| O|  |TAMS 0x0000000089700000, 0x0000000089600000| Complete 
| 151|0x0000000089700000, 0x0000000089800000, 0x0000000089800000|100%| O|  |TAMS 0x0000000089800000, 0x0000000089700000| Untracked 
| 152|0x0000000089800000, 0x0000000089800000, 0x0000000089900000|  0%| F|  |TAMS 0x0000000089800000, 0x0000000089800000| Untracked 
| 153|0x0000000089900000, 0x0000000089900000, 0x0000000089a00000|  0%| F|  |TAMS 0x0000000089900000, 0x0000000089900000| Untracked 
| 154|0x0000000089a00000, 0x0000000089a00000, 0x0000000089b00000|  0%| F|  |TAMS 0x0000000089a00000, 0x0000000089a00000| Untracked 
| 155|0x0000000089b00000, 0x0000000089b00000, 0x0000000089c00000|  0%| F|  |TAMS 0x0000000089b00000, 0x0000000089b00000| Untracked 
| 156|0x0000000089c00000, 0x0000000089c00000, 0x0000000089d00000|  0%| F|  |TAMS 0x0000000089c00000, 0x0000000089c00000| Untracked 
| 157|0x0000000089d00000, 0x0000000089d00000, 0x0000000089e00000|  0%| F|  |TAMS 0x0000000089d00000, 0x0000000089d00000| Untracked 
| 158|0x0000000089e00000, 0x0000000089e00000, 0x0000000089f00000|  0%| F|  |TAMS 0x0000000089e00000, 0x0000000089e00000| Untracked 
| 159|0x0000000089f00000, 0x0000000089f00000, 0x000000008a000000|  0%| F|  |TAMS 0x0000000089f00000, 0x0000000089f00000| Untracked 
| 160|0x000000008a000000, 0x000000008a000000, 0x000000008a100000|  0%| F|  |TAMS 0x000000008a000000, 0x000000008a000000| Untracked 
| 161|0x000000008a100000, 0x000000008a100000, 0x000000008a200000|  0%| F|  |TAMS 0x000000008a100000, 0x000000008a100000| Untracked 
| 162|0x000000008a200000, 0x000000008a200000, 0x000000008a300000|  0%| F|  |TAMS 0x000000008a200000, 0x000000008a200000| Untracked 
| 163|0x000000008a300000, 0x000000008a300000, 0x000000008a400000|  0%| F|  |TAMS 0x000000008a300000, 0x000000008a300000| Untracked 
| 164|0x000000008a400000, 0x000000008a400000, 0x000000008a500000|  0%| F|  |TAMS 0x000000008a400000, 0x000000008a400000| Untracked 
| 165|0x000000008a500000, 0x000000008a500000, 0x000000008a600000|  0%| F|  |TAMS 0x000000008a500000, 0x000000008a500000| Untracked 
| 166|0x000000008a600000, 0x000000008a600000, 0x000000008a700000|  0%| F|  |TAMS 0x000000008a600000, 0x000000008a600000| Untracked 
| 167|0x000000008a700000, 0x000000008a700000, 0x000000008a800000|  0%| F|  |TAMS 0x000000008a700000, 0x000000008a700000| Untracked 
| 168|0x000000008a800000, 0x000000008a800000, 0x000000008a900000|  0%| F|  |TAMS 0x000000008a800000, 0x000000008a800000| Untracked 
| 169|0x000000008a900000, 0x000000008a900000, 0x000000008aa00000|  0%| F|  |TAMS 0x000000008a900000, 0x000000008a900000| Untracked 
| 170|0x000000008aa00000, 0x000000008aa00000, 0x000000008ab00000|  0%| F|  |TAMS 0x000000008aa00000, 0x000000008aa00000| Untracked 
| 171|0x000000008ab00000, 0x000000008ab00000, 0x000000008ac00000|  0%| F|  |TAMS 0x000000008ab00000, 0x000000008ab00000| Untracked 
| 172|0x000000008ac00000, 0x000000008ac00000, 0x000000008ad00000|  0%| F|  |TAMS 0x000000008ac00000, 0x000000008ac00000| Untracked 
| 173|0x000000008ad00000, 0x000000008ad00000, 0x000000008ae00000|  0%| F|  |TAMS 0x000000008ad00000, 0x000000008ad00000| Untracked 
| 174|0x000000008ae00000, 0x000000008ae00000, 0x000000008af00000|  0%| F|  |TAMS 0x000000008ae00000, 0x000000008ae00000| Untracked 
| 175|0x000000008af00000, 0x000000008af00000, 0x000000008b000000|  0%| F|  |TAMS 0x000000008af00000, 0x000000008af00000| Untracked 
| 176|0x000000008b000000, 0x000000008b000000, 0x000000008b100000|  0%| F|  |TAMS 0x000000008b000000, 0x000000008b000000| Untracked 
| 177|0x000000008b100000, 0x000000008b100000, 0x000000008b200000|  0%| F|  |TAMS 0x000000008b100000, 0x000000008b100000| Untracked 
| 178|0x000000008b200000, 0x000000008b200000, 0x000000008b300000|  0%| F|  |TAMS 0x000000008b200000, 0x000000008b200000| Untracked 
| 179|0x000000008b300000, 0x000000008b300000, 0x000000008b400000|  0%| F|  |TAMS 0x000000008b300000, 0x000000008b300000| Untracked 
| 180|0x000000008b400000, 0x000000008b400000, 0x000000008b500000|  0%| F|  |TAMS 0x000000008b400000, 0x000000008b400000| Untracked 
| 181|0x000000008b500000, 0x000000008b500000, 0x000000008b600000|  0%| F|  |TAMS 0x000000008b500000, 0x000000008b500000| Untracked 
| 182|0x000000008b600000, 0x000000008b600000, 0x000000008b700000|  0%| F|  |TAMS 0x000000008b600000, 0x000000008b600000| Untracked 
| 183|0x000000008b700000, 0x000000008b700000, 0x000000008b800000|  0%| F|  |TAMS 0x000000008b700000, 0x000000008b700000| Untracked 
| 184|0x000000008b800000, 0x000000008b800000, 0x000000008b900000|  0%| F|  |TAMS 0x000000008b800000, 0x000000008b800000| Untracked 
| 185|0x000000008b900000, 0x000000008b900000, 0x000000008ba00000|  0%| F|  |TAMS 0x000000008b900000, 0x000000008b900000| Untracked 
| 186|0x000000008ba00000, 0x000000008ba00000, 0x000000008bb00000|  0%| F|  |TAMS 0x000000008ba00000, 0x000000008ba00000| Untracked 
| 187|0x000000008bb00000, 0x000000008bb00000, 0x000000008bc00000|  0%| F|  |TAMS 0x000000008bb00000, 0x000000008bb00000| Untracked 
| 188|0x000000008bc00000, 0x000000008bc00000, 0x000000008bd00000|  0%| F|  |TAMS 0x000000008bc00000, 0x000000008bc00000| Untracked 
| 189|0x000000008bd00000, 0x000000008bd00000, 0x000000008be00000|  0%| F|  |TAMS 0x000000008bd00000, 0x000000008bd00000| Untracked 
| 190|0x000000008be00000, 0x000000008be00000, 0x000000008bf00000|  0%| F|  |TAMS 0x000000008be00000, 0x000000008be00000| Untracked 
| 191|0x000000008bf00000, 0x000000008bf00000, 0x000000008c000000|  0%| F|  |TAMS 0x000000008bf00000, 0x000000008bf00000| Untracked 
| 192|0x000000008c000000, 0x000000008c000000, 0x000000008c100000|  0%| F|  |TAMS 0x000000008c000000, 0x000000008c000000| Untracked 
| 193|0x000000008c100000, 0x000000008c100000, 0x000000008c200000|  0%| F|  |TAMS 0x000000008c100000, 0x000000008c100000| Untracked 
| 194|0x000000008c200000, 0x000000008c200000, 0x000000008c300000|  0%| F|  |TAMS 0x000000008c200000, 0x000000008c200000| Untracked 
| 195|0x000000008c300000, 0x000000008c300000, 0x000000008c400000|  0%| F|  |TAMS 0x000000008c300000, 0x000000008c300000| Untracked 
| 196|0x000000008c400000, 0x000000008c400000, 0x000000008c500000|  0%| F|  |TAMS 0x000000008c400000, 0x000000008c400000| Untracked 
| 197|0x000000008c500000, 0x000000008c500000, 0x000000008c600000|  0%| F|  |TAMS 0x000000008c500000, 0x000000008c500000| Untracked 
| 198|0x000000008c600000, 0x000000008c600000, 0x000000008c700000|  0%| F|  |TAMS 0x000000008c600000, 0x000000008c600000| Untracked 
| 199|0x000000008c700000, 0x000000008c700000, 0x000000008c800000|  0%| F|  |TAMS 0x000000008c700000, 0x000000008c700000| Untracked 
| 200|0x000000008c800000, 0x000000008c800000, 0x000000008c900000|  0%| F|  |TAMS 0x000000008c800000, 0x000000008c800000| Untracked 
| 201|0x000000008c900000, 0x000000008c900000, 0x000000008ca00000|  0%| F|  |TAMS 0x000000008c900000, 0x000000008c900000| Untracked 
| 202|0x000000008ca00000, 0x000000008ca00000, 0x000000008cb00000|  0%| F|  |TAMS 0x000000008ca00000, 0x000000008ca00000| Untracked 
| 203|0x000000008cb00000, 0x000000008cb00000, 0x000000008cc00000|  0%| F|  |TAMS 0x000000008cb00000, 0x000000008cb00000| Untracked 
| 204|0x000000008cc00000, 0x000000008cc00000, 0x000000008cd00000|  0%| F|  |TAMS 0x000000008cc00000, 0x000000008cc00000| Untracked 
| 205|0x000000008cd00000, 0x000000008cd00000, 0x000000008ce00000|  0%| F|  |TAMS 0x000000008cd00000, 0x000000008cd00000| Untracked 
| 206|0x000000008ce00000, 0x000000008ce00000, 0x000000008cf00000|  0%| F|  |TAMS 0x000000008ce00000, 0x000000008ce00000| Untracked 
| 207|0x000000008cf00000, 0x000000008cf00000, 0x000000008d000000|  0%| F|  |TAMS 0x000000008cf00000, 0x000000008cf00000| Untracked 
| 208|0x000000008d000000, 0x000000008d000000, 0x000000008d100000|  0%| F|  |TAMS 0x000000008d000000, 0x000000008d000000| Untracked 
| 209|0x000000008d100000, 0x000000008d100000, 0x000000008d200000|  0%| F|  |TAMS 0x000000008d100000, 0x000000008d100000| Untracked 
| 210|0x000000008d200000, 0x000000008d200000, 0x000000008d300000|  0%| F|  |TAMS 0x000000008d200000, 0x000000008d200000| Untracked 
| 211|0x000000008d300000, 0x000000008d300000, 0x000000008d400000|  0%| F|  |TAMS 0x000000008d300000, 0x000000008d300000| Untracked 
| 212|0x000000008d400000, 0x000000008d400000, 0x000000008d500000|  0%| F|  |TAMS 0x000000008d400000, 0x000000008d400000| Untracked 
| 213|0x000000008d500000, 0x000000008d500000, 0x000000008d600000|  0%| F|  |TAMS 0x000000008d500000, 0x000000008d500000| Untracked 
| 214|0x000000008d600000, 0x000000008d600000, 0x000000008d700000|  0%| F|  |TAMS 0x000000008d600000, 0x000000008d600000| Untracked 
| 215|0x000000008d700000, 0x000000008d700000, 0x000000008d800000|  0%| F|  |TAMS 0x000000008d700000, 0x000000008d700000| Untracked 
| 216|0x000000008d800000, 0x000000008d800000, 0x000000008d900000|  0%| F|  |TAMS 0x000000008d800000, 0x000000008d800000| Untracked 
| 217|0x000000008d900000, 0x000000008d900000, 0x000000008da00000|  0%| F|  |TAMS 0x000000008d900000, 0x000000008d900000| Untracked 
| 218|0x000000008da00000, 0x000000008da00000, 0x000000008db00000|  0%| F|  |TAMS 0x000000008da00000, 0x000000008da00000| Untracked 
| 219|0x000000008db00000, 0x000000008db00000, 0x000000008dc00000|  0%| F|  |TAMS 0x000000008db00000, 0x000000008db00000| Untracked 
| 220|0x000000008dc00000, 0x000000008dc00000, 0x000000008dd00000|  0%| F|  |TAMS 0x000000008dc00000, 0x000000008dc00000| Untracked 
| 221|0x000000008dd00000, 0x000000008dd00000, 0x000000008de00000|  0%| F|  |TAMS 0x000000008dd00000, 0x000000008dd00000| Untracked 
| 222|0x000000008de00000, 0x000000008de00000, 0x000000008df00000|  0%| F|  |TAMS 0x000000008de00000, 0x000000008de00000| Untracked 
| 223|0x000000008df00000, 0x000000008df00000, 0x000000008e000000|  0%| F|  |TAMS 0x000000008df00000, 0x000000008df00000| Untracked 
| 224|0x000000008e000000, 0x000000008e000000, 0x000000008e100000|  0%| F|  |TAMS 0x000000008e000000, 0x000000008e000000| Untracked 
| 225|0x000000008e100000, 0x000000008e100000, 0x000000008e200000|  0%| F|  |TAMS 0x000000008e100000, 0x000000008e100000| Untracked 
| 226|0x000000008e200000, 0x000000008e200000, 0x000000008e300000|  0%| F|  |TAMS 0x000000008e200000, 0x000000008e200000| Untracked 
| 227|0x000000008e300000, 0x000000008e300000, 0x000000008e400000|  0%| F|  |TAMS 0x000000008e300000, 0x000000008e300000| Untracked 
| 228|0x000000008e400000, 0x000000008e400000, 0x000000008e500000|  0%| F|  |TAMS 0x000000008e400000, 0x000000008e400000| Untracked 
| 229|0x000000008e500000, 0x000000008e500000, 0x000000008e600000|  0%| F|  |TAMS 0x000000008e500000, 0x000000008e500000| Untracked 
| 230|0x000000008e600000, 0x000000008e600000, 0x000000008e700000|  0%| F|  |TAMS 0x000000008e600000, 0x000000008e600000| Untracked 
| 231|0x000000008e700000, 0x000000008e700000, 0x000000008e800000|  0%| F|  |TAMS 0x000000008e700000, 0x000000008e700000| Untracked 
| 232|0x000000008e800000, 0x000000008e800000, 0x000000008e900000|  0%| F|  |TAMS 0x000000008e800000, 0x000000008e800000| Untracked 
| 233|0x000000008e900000, 0x000000008e900000, 0x000000008ea00000|  0%| F|  |TAMS 0x000000008e900000, 0x000000008e900000| Untracked 
| 234|0x000000008ea00000, 0x000000008ea00000, 0x000000008eb00000|  0%| F|  |TAMS 0x000000008ea00000, 0x000000008ea00000| Untracked 
| 235|0x000000008eb00000, 0x000000008eb00000, 0x000000008ec00000|  0%| F|  |TAMS 0x000000008eb00000, 0x000000008eb00000| Untracked 
| 236|0x000000008ec00000, 0x000000008ec00000, 0x000000008ed00000|  0%| F|  |TAMS 0x000000008ec00000, 0x000000008ec00000| Untracked 
| 237|0x000000008ed00000, 0x000000008ed00000, 0x000000008ee00000|  0%| F|  |TAMS 0x000000008ed00000, 0x000000008ed00000| Untracked 
| 238|0x000000008ee00000, 0x000000008ee00000, 0x000000008ef00000|  0%| F|  |TAMS 0x000000008ee00000, 0x000000008ee00000| Untracked 
| 239|0x000000008ef00000, 0x000000008ef00000, 0x000000008f000000|  0%| F|  |TAMS 0x000000008ef00000, 0x000000008ef00000| Untracked 
| 240|0x000000008f000000, 0x000000008f000000, 0x000000008f100000|  0%| F|  |TAMS 0x000000008f000000, 0x000000008f000000| Untracked 
| 241|0x000000008f100000, 0x000000008f100000, 0x000000008f200000|  0%| F|  |TAMS 0x000000008f100000, 0x000000008f100000| Untracked 
| 242|0x000000008f200000, 0x000000008f222880, 0x000000008f300000| 13%| S|CS|TAMS 0x000000008f200000, 0x000000008f200000| Complete 
| 243|0x000000008f300000, 0x000000008f400000, 0x000000008f400000|100%| S|CS|TAMS 0x000000008f300000, 0x000000008f300000| Complete 
| 244|0x000000008f400000, 0x000000008f400000, 0x000000008f500000|  0%| F|  |TAMS 0x000000008f400000, 0x000000008f400000| Untracked 
| 245|0x000000008f500000, 0x000000008f500000, 0x000000008f600000|  0%| F|  |TAMS 0x000000008f500000, 0x000000008f500000| Untracked 
| 246|0x000000008f600000, 0x000000008f600000, 0x000000008f700000|  0%| F|  |TAMS 0x000000008f600000, 0x000000008f600000| Untracked 
| 247|0x000000008f700000, 0x000000008f700000, 0x000000008f800000|  0%| F|  |TAMS 0x000000008f700000, 0x000000008f700000| Untracked 
| 248|0x000000008f800000, 0x000000008f800000, 0x000000008f900000|  0%| F|  |TAMS 0x000000008f800000, 0x000000008f800000| Untracked 
| 249|0x000000008f900000, 0x000000008f900000, 0x000000008fa00000|  0%| F|  |TAMS 0x000000008f900000, 0x000000008f900000| Untracked 

Card table byte_map: [0x0000024448010000,0x0000024448410000] _byte_map_base: 0x0000024447c10000

Marking Bits (Prev, Next): (CMBitMap*) 0x00000244341ac498, (CMBitMap*) 0x00000244341ac4d0
 Prev Bits: [0x0000024448810000, 0x000002444a810000)
 Next Bits: [0x000002444a810000, 0x000002444c810000)

Polling page: 0x00000244328c0000

Metaspace:

Usage:
  Non-class:    116.79 MB capacity,   113.87 MB ( 98%) used,     2.37 MB (  2%) free+waste,   556.44 KB ( <1%) overhead. 
      Class:     17.37 MB capacity,    15.75 MB ( 91%) used,     1.38 MB (  8%) free+waste,   243.75 KB (  1%) overhead. 
       Both:    134.16 MB capacity,   129.62 MB ( 97%) used,     3.76 MB (  3%) free+waste,   800.19 KB ( <1%) overhead. 

Virtual space:
  Non-class space:      118.00 MB reserved,     117.04 MB (>99%) committed 
      Class space:        1.00 GB reserved,      17.45 MB (  2%) committed 
             Both:        1.12 GB reserved,     134.48 MB ( 12%) committed 

Chunk freelists:
   Non-Class:  0 bytes
       Class:  7.00 KB
        Both:  7.00 KB

MaxMetaspaceSize: 17179869184.00 GB
CompressedClassSpaceSize: 1.00 GB

CodeHeap 'non-profiled nmethods': size=119168Kb used=27577Kb max_used=27866Kb free=91590Kb
 bounds [0x000002443f800000, 0x0000024441340000, 0x0000024446c60000]
CodeHeap 'profiled nmethods': size=119168Kb used=61013Kb max_used=62737Kb free=58155Kb
 bounds [0x00000244383a0000, 0x000002443c1a0000, 0x000002443f800000]
CodeHeap 'non-nmethods': size=7424Kb used=4072Kb max_used=4164Kb free=3351Kb
 bounds [0x0000024437c60000, 0x0000024438110000, 0x00000244383a0000]
 total_blobs=28893 nmethods=27903 adapters=894
 compilation: enabled
              stopped_count=0, restarted_count=0
 full_count=0

Compilation events (20 events):
Event: 6833.322 Thread 0x0000024452c5c000 nmethod 33526 0x0000024438ae8290 code [0x0000024438ae8440, 0x0000024438ae8578]
Event: 6833.324 Thread 0x000002445cd73800 33530       2       java.util.IdentityHashMap$KeySpliterator::forEachRemaining (112 bytes)
Event: 6833.324 Thread 0x000002445cd78800 33531       2       java.io.StringWriter::toString (8 bytes)
Event: 6833.325 Thread 0x000002445cd78800 nmethod 33531 0x0000024438c17d90 code [0x0000024438c17f40, 0x0000024438c18068]
Event: 6833.327 Thread 0x0000024452c57000 nmethod 33428 0x000002443ff6e810 code [0x000002443ff6ea60, 0x000002443ff6f768]
Event: 6833.327 Thread 0x0000024452c57000 33519       4       com.android.tools.r8.internal.Su::a (40 bytes)
Event: 6833.328 Thread 0x000002445cd73800 nmethod 33530 0x0000024438c5bd90 code [0x0000024438c5bf80, 0x0000024438c5c378]
Event: 6833.333 Thread 0x000002445015d800 nmethod 33506 0x000002443c183c10 code [0x000002443c184f40, 0x000002443c1939c8]
Event: 6833.375 Thread 0x000002445cd79800 nmethod 33430 0x0000024440091310 code [0x0000024440091560, 0x0000024440092268]
Event: 6833.375 Thread 0x000002445cd79800 33517       4       com.android.tools.r8.internal.Su$$Lambda$3026/0x0000000101014c40::compare (20 bytes)
Event: 6833.397 Thread 0x0000024458770000 nmethod 33217 0x000002444070b790 code [0x000002444070bb60, 0x00000244407108c0]
Event: 6833.398 Thread 0x0000024458770000 33533       4       java.util.TimSort::mergeHi (732 bytes)
Event: 6833.447 Thread 0x0000024452c5d000 nmethod 33518 0x00000244404ac210 code [0x00000244404ac620, 0x00000244404aed80]
Event: 6833.447 Thread 0x0000024452c5d000 33534       4       com.android.tools.r8.graph.f0::b (14 bytes)
Event: 6833.449 Thread 0x0000024452c5d000 nmethod 33534 0x000002443fb0e510 code [0x000002443fb0e6c0, 0x000002443fb0e898]
Event: 6833.449 Thread 0x0000024452c5d000 33378       4       com.android.tools.r8.internal.k4$c::h (40 bytes)
Event: 6833.450 Thread 0x0000024452c5c000 33539       3       com.android.build.gradle.internal.tasks.DexMergingTaskDelegate::access$isDexFile$cp (4 bytes)
Event: 6833.450 Thread 0x0000024452c5c000 nmethod 33539 0x0000024438c57d10 code [0x0000024438c57ec0, 0x0000024438c57fb8]
Event: 6833.452 Thread 0x0000024452c5d000 nmethod 33378 0x000002443fb3c410 code [0x000002443fb3c5c0, 0x000002443fb3c738]
Event: 6833.452 Thread 0x0000024452c5d000 33516       4       com.android.tools.r8.graph.v0::c (12 bytes)

GC Heap History (20 events):
Event: 6831.362 GC heap after
{Heap after GC invocations=124 (full 0):
 garbage-first heap   total 256000K, used 148255K [0x0000000080000000, 0x0000000100000000)
  region size 1024K, 2 young (2048K), 2 survivors (2048K)
 Metaspace       used 131703K, capacity 136151K, committed 136688K, reserved 1169408K
  class space    used 15963K, capacity 17521K, committed 17868K, reserved 1048576K
}
Event: 6831.375 GC heap before
{Heap before GC invocations=124 (full 0):
 garbage-first heap   total 256000K, used 155423K [0x0000000080000000, 0x0000000100000000)
  region size 1024K, 10 young (10240K), 2 survivors (2048K)
 Metaspace       used 131703K, capacity 136151K, committed 136688K, reserved 1169408K
  class space    used 15963K, capacity 17521K, committed 17868K, reserved 1048576K
}
Event: 6831.382 GC heap after
{Heap after GC invocations=125 (full 0):
 garbage-first heap   total 256000K, used 149482K [0x0000000080000000, 0x0000000100000000)
  region size 1024K, 3 young (3072K), 3 survivors (3072K)
 Metaspace       used 131703K, capacity 136151K, committed 136688K, reserved 1169408K
  class space    used 15963K, capacity 17521K, committed 17868K, reserved 1048576K
}
Event: 6832.085 GC heap before
{Heap before GC invocations=126 (full 0):
 garbage-first heap   total 256000K, used 211946K [0x0000000080000000, 0x0000000100000000)
  region size 1024K, 58 young (59392K), 3 survivors (3072K)
 Metaspace       used 131833K, capacity 136308K, committed 136944K, reserved 1169408K
  class space    used 15963K, capacity 17521K, committed 17868K, reserved 1048576K
}
Event: 6832.090 GC heap after
{Heap after GC invocations=127 (full 0):
 garbage-first heap   total 256000K, used 155279K [0x0000000080000000, 0x0000000100000000)
  region size 1024K, 7 young (7168K), 7 survivors (7168K)
 Metaspace       used 131833K, capacity 136308K, committed 136944K, reserved 1169408K
  class space    used 15963K, capacity 17521K, committed 17868K, reserved 1048576K
}
Event: 6832.098 GC heap before
{Heap before GC invocations=127 (full 0):
 garbage-first heap   total 256000K, used 159375K [0x0000000080000000, 0x0000000100000000)
  region size 1024K, 12 young (12288K), 7 survivors (7168K)
 Metaspace       used 131835K, capacity 136308K, committed 136944K, reserved 1169408K
  class space    used 15963K, capacity 17521K, committed 17868K, reserved 1048576K
}
Event: 6832.103 GC heap after
{Heap after GC invocations=128 (full 0):
 garbage-first heap   total 256000K, used 156315K [0x0000000080000000, 0x0000000100000000)
  region size 1024K, 2 young (2048K), 2 survivors (2048K)
 Metaspace       used 131835K, capacity 136308K, committed 136944K, reserved 1169408K
  class space    used 15963K, capacity 17521K, committed 17868K, reserved 1048576K
}
Event: 6832.373 GC heap before
{Heap before GC invocations=128 (full 0):
 garbage-first heap   total 256000K, used 208539K [0x0000000080000000, 0x0000000100000000)
  region size 1024K, 53 young (54272K), 2 survivors (2048K)
 Metaspace       used 131863K, capacity 136330K, committed 136944K, reserved 1169408K
  class space    used 15965K, capacity 17525K, committed 17868K, reserved 1048576K
}
Event: 6832.379 GC heap after
{Heap after GC invocations=129 (full 0):
 garbage-first heap   total 256000K, used 157395K [0x0000000080000000, 0x0000000100000000)
  region size 1024K, 3 young (3072K), 3 survivors (3072K)
 Metaspace       used 131863K, capacity 136330K, committed 136944K, reserved 1169408K
  class space    used 15965K, capacity 17525K, committed 17868K, reserved 1048576K
}
Event: 6832.839 GC heap before
{Heap before GC invocations=130 (full 0):
 garbage-first heap   total 256000K, used 173779K [0x0000000080000000, 0x0000000100000000)
  region size 1024K, 56 young (57344K), 3 survivors (3072K)
 Metaspace       used 131925K, capacity 136428K, committed 136944K, reserved 1169408K
  class space    used 15972K, capacity 17557K, committed 17868K, reserved 1048576K
}
Event: 6832.844 GC heap after
{Heap after GC invocations=131 (full 0):
 garbage-first heap   total 256000K, used 116950K [0x0000000080000000, 0x0000000100000000)
  region size 1024K, 5 young (5120K), 5 survivors (5120K)
 Metaspace       used 131925K, capacity 136428K, committed 136944K, reserved 1169408K
  class space    used 15972K, capacity 17557K, committed 17868K, reserved 1048576K
}
Event: 6832.854 GC heap before
{Heap before GC invocations=131 (full 0):
 garbage-first heap   total 256000K, used 123094K [0x0000000080000000, 0x0000000100000000)
  region size 1024K, 12 young (12288K), 5 survivors (5120K)
 Metaspace       used 131938K, capacity 136437K, committed 136944K, reserved 1169408K
  class space    used 15973K, capacity 17559K, committed 17868K, reserved 1048576K
}
Event: 6832.868 GC heap after
{Heap after GC invocations=132 (full 0):
 garbage-first heap   total 256000K, used 97252K [0x0000000080000000, 0x0000000100000000)
  region size 1024K, 2 young (2048K), 2 survivors (2048K)
 Metaspace       used 131938K, capacity 136437K, committed 136944K, reserved 1169408K
  class space    used 15973K, capacity 17559K, committed 17868K, reserved 1048576K
}
Event: 6832.882 GC heap before
{Heap before GC invocations=132 (full 0):
 garbage-first heap   total 256000K, used 107492K [0x0000000080000000, 0x0000000100000000)
  region size 1024K, 12 young (12288K), 2 survivors (2048K)
 Metaspace       used 131956K, capacity 136437K, committed 136944K, reserved 1169408K
  class space    used 15973K, capacity 17559K, committed 17868K, reserved 1048576K
}
Event: 6832.890 GC heap after
{Heap after GC invocations=133 (full 0):
 garbage-first heap   total 256000K, used 100553K [0x0000000080000000, 0x0000000100000000)
  region size 1024K, 2 young (2048K), 2 survivors (2048K)
 Metaspace       used 131956K, capacity 136437K, committed 136944K, reserved 1169408K
  class space    used 15973K, capacity 17559K, committed 17868K, reserved 1048576K
}
Event: 6833.074 GC heap before
{Heap before GC invocations=133 (full 0):
 garbage-first heap   total 256000K, used 193737K [0x0000000080000000, 0x0000000100000000)
  region size 1024K, 94 young (96256K), 2 survivors (2048K)
 Metaspace       used 132417K, capacity 137046K, committed 137200K, reserved 1169408K
  class space    used 16085K, capacity 17742K, committed 17868K, reserved 1048576K
}
Event: 6833.109 GC heap after
{Heap after GC invocations=134 (full 0):
 garbage-first heap   total 256000K, used 128604K [0x0000000080000000, 0x0000000100000000)
  region size 1024K, 12 young (12288K), 12 survivors (12288K)
 Metaspace       used 132417K, capacity 137046K, committed 137200K, reserved 1169408K
  class space    used 16085K, capacity 17742K, committed 17868K, reserved 1048576K
}
Event: 6833.358 GC heap before
{Heap before GC invocations=135 (full 0):
 garbage-first heap   total 256000K, used 195164K [0x0000000080000000, 0x0000000100000000)
  region size 1024K, 78 young (79872K), 12 survivors (12288K)
 Metaspace       used 132725K, capacity 137375K, committed 137712K, reserved 1169408K
  class space    used 16124K, capacity 17785K, committed 17868K, reserved 1048576K
}
Event: 6833.372 GC heap after
{Heap after GC invocations=136 (full 0):
 garbage-first heap   total 256000K, used 134246K [0x0000000080000000, 0x0000000100000000)
  region size 1024K, 6 young (6144K), 6 survivors (6144K)
 Metaspace       used 132725K, capacity 137375K, committed 137712K, reserved 1169408K
  class space    used 16124K, capacity 17785K, committed 17868K, reserved 1048576K
}
Event: 6833.459 GC heap before
{Heap before GC invocations=136 (full 0):
 garbage-first heap   total 256000K, used 140390K [0x0000000080000000, 0x0000000100000000)
  region size 1024K, 12 young (12288K), 6 survivors (6144K)
 Metaspace       used 132725K, capacity 137375K, committed 137712K, reserved 1169408K
  class space    used 16124K, capacity 17785K, committed 17868K, reserved 1048576K
}

Deoptimization events (20 events):
Event: 6833.357 Thread 0x0000024458771800 DEOPT PACKING pc=0x000002443ab146e1 sp=0x000000d9736fd300
Event: 6833.357 Thread 0x0000024458771800 DEOPT UNPACKING pc=0x0000024437c876ce sp=0x000000d9736fc7f0 mode 0
Event: 6833.373 Thread 0x000002445368a800 DEOPT PACKING pc=0x000002443b4d76ab sp=0x000000d973afce60
Event: 6833.373 Thread 0x000002445368a800 DEOPT UNPACKING pc=0x0000024437c876ce sp=0x000000d973afc438 mode 0
Event: 6833.373 Thread 0x0000024458771800 DEOPT PACKING pc=0x000002443ab0ac48 sp=0x000000d9736fd310
Event: 6833.373 Thread 0x0000024458771800 DEOPT UNPACKING pc=0x0000024437c876ce sp=0x000000d9736fc7f8 mode 0
Event: 6833.375 Thread 0x000002445cd6f800 DEOPT PACKING pc=0x000002443ab146e1 sp=0x000000d974afd130
Event: 6833.375 Thread 0x000002445cd6f800 DEOPT UNPACKING pc=0x0000024437c876ce sp=0x000000d974afc620 mode 0
Event: 6833.376 Thread 0x000002445cd6f800 DEOPT PACKING pc=0x000002443ab146e1 sp=0x000000d974afd130
Event: 6833.376 Thread 0x000002445cd6f800 DEOPT UNPACKING pc=0x0000024437c876ce sp=0x000000d974afc620 mode 0
Event: 6833.378 Thread 0x0000024458771800 DEOPT PACKING pc=0x000002443a8efa7f sp=0x000000d9736fd460
Event: 6833.378 Thread 0x0000024458771800 DEOPT UNPACKING pc=0x0000024437c876ce sp=0x000000d9736fca00 mode 0
Event: 6833.382 Thread 0x0000024458771800 DEOPT PACKING pc=0x000002443aa18a79 sp=0x000000d9736fd4b0
Event: 6833.382 Thread 0x000002445cd6f800 DEOPT PACKING pc=0x000002443a8efa7f sp=0x000000d974afd2e0
Event: 6833.382 Thread 0x0000024458771800 DEOPT UNPACKING pc=0x0000024437c876ce sp=0x000000d9736fca78 mode 0
Event: 6833.382 Thread 0x000002445cd6f800 DEOPT UNPACKING pc=0x0000024437c876ce sp=0x000000d974afc880 mode 0
Event: 6833.384 Thread 0x000002445cd6f800 DEOPT PACKING pc=0x000002443b4d76ab sp=0x000000d974afd550
Event: 6833.384 Thread 0x000002445cd6f800 DEOPT UNPACKING pc=0x0000024437c876ce sp=0x000000d974afcb28 mode 0
Event: 6833.386 Thread 0x000002445cd6f800 DEOPT PACKING pc=0x000002443aa18a79 sp=0x000000d974afd420
Event: 6833.386 Thread 0x000002445cd6f800 DEOPT UNPACKING pc=0x0000024437c876ce sp=0x000000d974afc9e8 mode 0

Classes redefined (0 events):
No events

Internal exceptions (20 events):
Event: 6833.288 Thread 0x0000024453683800 Exception <a 'java/lang/IncompatibleClassChangeError'{0x000000008cb8c8a0}: Found class java.lang.Object, but interface was expected> (0x000000008cb8c8a0) thrown at [./src/hotspot/share/interpreter/linkResolver.cpp, line 839]
Event: 6833.317 Thread 0x000002445368a000 Exception <a 'sun/nio/fs/WindowsException'{0x000000008c154c88}> (0x000000008c154c88) thrown at [./src/hotspot/share/prims/jni.cpp, line 615]
Event: 6833.317 Thread 0x000002445368a000 Exception <a 'sun/nio/fs/WindowsException'{0x000000008c1556d0}> (0x000000008c1556d0) thrown at [./src/hotspot/share/prims/jni.cpp, line 615]
Event: 6833.317 Thread 0x000002445368a000 Exception <a 'sun/nio/fs/WindowsException'{0x000000008c155848}> (0x000000008c155848) thrown at [./src/hotspot/share/prims/jni.cpp, line 615]
Event: 6833.317 Thread 0x000002445368a000 Exception <a 'sun/nio/fs/WindowsException'{0x000000008c156aa0}> (0x000000008c156aa0) thrown at [./src/hotspot/share/prims/jni.cpp, line 615]
Event: 6833.317 Thread 0x000002445368a000 Exception <a 'sun/nio/fs/WindowsException'{0x000000008c156c08}> (0x000000008c156c08) thrown at [./src/hotspot/share/prims/jni.cpp, line 615]
Event: 6833.317 Thread 0x000002445368a000 Exception <a 'sun/nio/fs/WindowsException'{0x000000008c000e10}> (0x000000008c000e10) thrown at [./src/hotspot/share/prims/jni.cpp, line 615]
Event: 6833.324 Thread 0x000002445368d000 Exception <a 'sun/nio/fs/WindowsException'{0x000000008c8d0828}> (0x000000008c8d0828) thrown at [./src/hotspot/share/prims/jni.cpp, line 615]
Event: 6833.329 Thread 0x000002445876f800 Exception <a 'sun/nio/fs/WindowsException'{0x000000008c96ec98}> (0x000000008c96ec98) thrown at [./src/hotspot/share/prims/jni.cpp, line 615]
Event: 6833.332 Thread 0x000002445876b000 Exception <a 'sun/nio/fs/WindowsException'{0x000000008bdd8be0}> (0x000000008bdd8be0) thrown at [./src/hotspot/share/prims/jni.cpp, line 615]
Event: 6833.344 Thread 0x000002445368f000 Exception <a 'sun/nio/fs/WindowsException'{0x000000008c2b3780}> (0x000000008c2b3780) thrown at [./src/hotspot/share/prims/jni.cpp, line 615]
Event: 6833.345 Thread 0x000002445876b000 Exception <a 'sun/nio/fs/WindowsException'{0x000000008bde0d58}> (0x000000008bde0d58) thrown at [./src/hotspot/share/prims/jni.cpp, line 615]
Event: 6833.345 Thread 0x00000244539bb800 Exception <a 'sun/nio/fs/WindowsException'{0x000000008baf3da0}> (0x000000008baf3da0) thrown at [./src/hotspot/share/prims/jni.cpp, line 615]
Event: 6833.345 Thread 0x0000024453683800 Exception <a 'sun/nio/fs/WindowsException'{0x000000008bca30e8}> (0x000000008bca30e8) thrown at [./src/hotspot/share/prims/jni.cpp, line 615]
Event: 6833.353 Thread 0x000002445368c800 Exception <a 'sun/nio/fs/WindowsException'{0x000000008bb8a9f0}> (0x000000008bb8a9f0) thrown at [./src/hotspot/share/prims/jni.cpp, line 615]
Event: 6833.353 Thread 0x0000024453683800 Exception <a 'sun/nio/fs/WindowsException'{0x000000008b9e5970}> (0x000000008b9e5970) thrown at [./src/hotspot/share/prims/jni.cpp, line 615]
Event: 6833.357 Thread 0x00000244539bb800 Exception <a 'sun/nio/fs/WindowsException'{0x000000008baff468}> (0x000000008baff468) thrown at [./src/hotspot/share/prims/jni.cpp, line 615]
Event: 6833.375 Thread 0x00000244539bb800 Exception <a 'sun/nio/fs/WindowsException'{0x000000008f9dec48}> (0x000000008f9dec48) thrown at [./src/hotspot/share/prims/jni.cpp, line 615]
Event: 6833.375 Thread 0x000002445368c800 Exception <a 'sun/nio/fs/WindowsException'{0x000000008f9e2690}> (0x000000008f9e2690) thrown at [./src/hotspot/share/prims/jni.cpp, line 615]
Event: 6833.377 Thread 0x000002445368c800 Exception <a 'sun/nio/fs/WindowsException'{0x000000008f8b9f38}> (0x000000008f8b9f38) thrown at [./src/hotspot/share/prims/jni.cpp, line 615]

Events (20 events):
Event: 6833.289 loading class com/android/tools/r8/internal/NC done
Event: 6833.289 loading class com/android/tools/r8/internal/NC
Event: 6833.289 loading class com/android/tools/r8/internal/NC done
Event: 6833.290 Executing VM operation: RevokeBias
Event: 6833.292 Executing VM operation: RevokeBias done
Event: 6833.293 Executing VM operation: RevokeBias
Event: 6833.294 Executing VM operation: RevokeBias done
Event: 6833.298 Executing VM operation: RevokeBias
Event: 6833.299 Executing VM operation: RevokeBias done
Event: 6833.312 Executing VM operation: RevokeBias
Event: 6833.314 Executing VM operation: RevokeBias done
Event: 6833.322 Executing VM operation: RevokeBias
Event: 6833.323 Executing VM operation: RevokeBias done
Event: 6833.339 Executing VM operation: RevokeBias
Event: 6833.340 Executing VM operation: RevokeBias done
Event: 6833.342 Executing VM operation: CGC_Operation
Event: 6833.343 Executing VM operation: CGC_Operation done
Event: 6833.358 Executing VM operation: G1CollectForAllocation
Event: 6833.372 Executing VM operation: G1CollectForAllocation done
Event: 6833.459 Executing VM operation: G1CollectForAllocation


Dynamic libraries:
0x00007ff70f180000 - 0x00007ff70f18a000 	C:\Program Files\Android\Android Studio\jre\bin\java.exe
0x00007ffa9feb0000 - 0x00007ffaa00a5000 	C:\Windows\SYSTEM32\ntdll.dll
0x00007ffa9e7a0000 - 0x00007ffa9e85e000 	C:\Windows\System32\KERNEL32.DLL
0x00007ffa9db20000 - 0x00007ffa9dde9000 	C:\Windows\System32\KERNELBASE.dll
0x00007ffa9d8c0000 - 0x00007ffa9d9c0000 	C:\Windows\System32\ucrtbase.dll
0x00007ffa71800000 - 0x00007ffa71819000 	C:\Program Files\Android\Android Studio\jre\bin\jli.dll
0x00007ffa70fe0000 - 0x00007ffa70ff7000 	C:\Program Files\Android\Android Studio\jre\bin\VCRUNTIME140.dll
0x00007ffa9e1c0000 - 0x00007ffa9e361000 	C:\Windows\System32\USER32.dll
0x00007ffa8d180000 - 0x00007ffa8d41a000 	C:\Windows\WinSxS\amd64_microsoft.windows.common-controls_6595b64144ccf1df_6.0.19041.1110_none_60b5254171f9507e\COMCTL32.dll
0x00007ffa9d840000 - 0x00007ffa9d862000 	C:\Windows\System32\win32u.dll
0x00007ffa9df00000 - 0x00007ffa9df9e000 	C:\Windows\System32\msvcrt.dll
0x00007ffa9e710000 - 0x00007ffa9e73b000 	C:\Windows\System32\GDI32.dll
0x00007ffa9ddf0000 - 0x00007ffa9defb000 	C:\Windows\System32\gdi32full.dll
0x00007ffa9d660000 - 0x00007ffa9d6fd000 	C:\Windows\System32\msvcp_win.dll
0x00007ffa9ea10000 - 0x00007ffa9ea40000 	C:\Windows\System32\IMM32.DLL
0x00007ffa3cf10000 - 0x00007ffa3cfad000 	C:\Program Files\Android\Android Studio\jre\bin\msvcp140.dll
0x00007ffa10230000 - 0x00007ffa10cff000 	C:\Program Files\Android\Android Studio\jre\bin\server\jvm.dll
0x00007ffa9f9c0000 - 0x00007ffa9fa6c000 	C:\Windows\System32\ADVAPI32.dll
0x00007ffa9fa70000 - 0x00007ffa9fb0b000 	C:\Windows\System32\sechost.dll
0x00007ffa9f180000 - 0x00007ffa9f2aa000 	C:\Windows\System32\RPCRT4.dll
0x00007ffa9f9a0000 - 0x00007ffa9f9a8000 	C:\Windows\System32\PSAPI.DLL
0x00007ffa872e0000 - 0x00007ffa872e9000 	C:\Windows\SYSTEM32\WSOCK32.dll
0x00007ffa929a0000 - 0x00007ffa929c7000 	C:\Windows\SYSTEM32\WINMM.dll
0x00007ffa92850000 - 0x00007ffa9285a000 	C:\Windows\SYSTEM32\VERSION.dll
0x00007ffa9f2b0000 - 0x00007ffa9f31b000 	C:\Windows\System32\WS2_32.dll
0x00007ffa9be50000 - 0x00007ffa9be62000 	C:\Windows\SYSTEM32\kernel.appcore.dll
0x00007ffa7bbb0000 - 0x00007ffa7bbc1000 	C:\Program Files\Android\Android Studio\jre\bin\verify.dll
0x00007ffa9b360000 - 0x00007ffa9b544000 	C:\Windows\SYSTEM32\DBGHELP.DLL
0x00007ffa87150000 - 0x00007ffa8717c000 	C:\Windows\SYSTEM32\dbgcore.DLL
0x00007ffa9d7b0000 - 0x00007ffa9d833000 	C:\Windows\System32\bcryptPrimitives.dll
0x00007ffa78920000 - 0x00007ffa78949000 	C:\Program Files\Android\Android Studio\jre\bin\java.dll
0x00007ffa817b0000 - 0x00007ffa817bb000 	C:\Program Files\Android\Android Studio\jre\bin\jimage.dll
0x00007ffa7baa0000 - 0x00007ffa7bab8000 	C:\Program Files\Android\Android Studio\jre\bin\zip.dll
0x00007ffa9ea40000 - 0x00007ffa9f17f000 	C:\Windows\System32\SHELL32.dll
0x00007ffa9b6b0000 - 0x00007ffa9be40000 	C:\Windows\SYSTEM32\windows.storage.dll
0x00007ffa9fb10000 - 0x00007ffa9fe65000 	C:\Windows\System32\combase.dll
0x00007ffa9cfb0000 - 0x00007ffa9cfdc000 	C:\Windows\SYSTEM32\Wldp.dll
0x00007ffa9f890000 - 0x00007ffa9f93e000 	C:\Windows\System32\SHCORE.dll
0x00007ffa9e370000 - 0x00007ffa9e3c5000 	C:\Windows\System32\shlwapi.dll
0x00007ffa9d510000 - 0x00007ffa9d52f000 	C:\Windows\SYSTEM32\profapi.dll
0x00007ffa7b840000 - 0x00007ffa7b85a000 	C:\Program Files\Android\Android Studio\jre\bin\net.dll
0x00007ffa8cd40000 - 0x00007ffa8ce48000 	C:\Windows\SYSTEM32\WINHTTP.dll
0x00007ffa9ccb0000 - 0x00007ffa9cd1a000 	C:\Windows\system32\mswsock.dll
0x00007ffa78900000 - 0x00007ffa78914000 	C:\Program Files\Android\Android Studio\jre\bin\nio.dll
0x00007ffa707f0000 - 0x00007ffa70817000 	C:\Users\emppu\.gradle\native\8bec1ad78214c89d9ad589b4d07fe93259594b29d510b10fafb7a158f7737e5d\windows-amd64\native-platform.dll
0x00007ffa65980000 - 0x00007ffa65abd000 	C:\Users\emppu\.gradle\native\53dbd7edfb1c66fb8903c78663c9afc45aea4f116125fa6feffd364cf09443e8\windows-amd64\native-platform-file-events.dll
0x00007ffa815e0000 - 0x00007ffa815ea000 	C:\Program Files\Android\Android Studio\jre\bin\management.dll
0x00007ffa81020000 - 0x00007ffa8102c000 	C:\Program Files\Android\Android Studio\jre\bin\management_ext.dll
0x00007ffa9cf00000 - 0x00007ffa9cf18000 	C:\Windows\SYSTEM32\CRYPTSP.dll
0x00007ffa9c630000 - 0x00007ffa9c664000 	C:\Windows\system32\rsaenh.dll
0x00007ffa9d630000 - 0x00007ffa9d657000 	C:\Windows\System32\bcrypt.dll
0x00007ffa9d4d0000 - 0x00007ffa9d4fe000 	C:\Windows\SYSTEM32\USERENV.dll
0x00007ffa9cf20000 - 0x00007ffa9cf2c000 	C:\Windows\SYSTEM32\CRYPTBASE.dll
0x00007ffa9c9a0000 - 0x00007ffa9c9db000 	C:\Windows\SYSTEM32\IPHLPAPI.DLL
0x00007ffa9f9b0000 - 0x00007ffa9f9b8000 	C:\Windows\System32\NSI.dll
0x00007ffa93230000 - 0x00007ffa93247000 	C:\Windows\SYSTEM32\dhcpcsvc6.DLL
0x00007ffa941f0000 - 0x00007ffa9420d000 	C:\Windows\SYSTEM32\dhcpcsvc.DLL
0x00007ffa9c9e0000 - 0x00007ffa9caac000 	C:\Windows\SYSTEM32\DNSAPI.dll
0x00007ffa71e40000 - 0x00007ffa71e67000 	C:\Program Files\Android\Android Studio\jre\bin\sunec.dll

dbghelp: loaded successfully - version: 4.0.5 - missing functions: none
symbol engine: initialized successfully - sym options: 0x614 - pdb path: .;C:\Program Files\Android\Android Studio\jre\bin;C:\Windows\SYSTEM32;C:\Windows\WinSxS\amd64_microsoft.windows.common-controls_6595b64144ccf1df_6.0.19041.1110_none_60b5254171f9507e;C:\Program Files\Android\Android Studio\jre\bin\server;C:\Users\emppu\.gradle\native\8bec1ad78214c89d9ad589b4d07fe93259594b29d510b10fafb7a158f7737e5d\windows-amd64;C:\Users\emppu\.gradle\native\53dbd7edfb1c66fb8903c78663c9afc45aea4f116125fa6feffd364cf09443e8\windows-amd64

VM Arguments:
jvm_args: --add-opens=java.base/java.util=ALL-UNNAMED --add-opens=java.base/java.lang=ALL-UNNAMED --add-opens=java.base/java.lang.invoke=ALL-UNNAMED --add-opens=java.base/java.util=ALL-UNNAMED --add-opens=java.prefs/java.util.prefs=ALL-UNNAMED --add-opens=java.prefs/java.util.prefs=ALL-UNNAMED --add-opens=java.base/java.nio.charset=ALL-UNNAMED --add-opens=java.base/java.net=ALL-UNNAMED --add-opens=java.base/java.util.concurrent.atomic=ALL-UNNAMED -Xmx2048m -Dfile.encoding=UTF-8 -Duser.country=US -Duser.language=en -Duser.variant 
java_command: org.gradle.launcher.daemon.bootstrap.GradleDaemon 7.0.2
java_class_path (initial): C:\Users\emppu\.gradle\wrapper\dists\gradle-7.0.2-bin\857tjihv64xamwrf0h14cai3r\gradle-7.0.2\lib\gradle-launcher-7.0.2.jar
Launcher Type: SUN_STANDARD

[Global flags]
     intx CICompilerCount                          = 12                                        {product} {ergonomic}
     uint ConcGCThreads                            = 3                                         {product} {ergonomic}
     uint G1ConcRefinementThreads                  = 13                                        {product} {ergonomic}
   size_t G1HeapRegionSize                         = 1048576                                   {product} {ergonomic}
    uintx GCDrainStackTargetSize                   = 64                                        {product} {ergonomic}
   size_t InitialHeapSize                          = 257949696                                 {product} {ergonomic}
   size_t MarkStackSize                            = 4194304                                   {product} {ergonomic}
   size_t MaxHeapSize                              = 2147483648                                {product} {command line}
   size_t MaxNewSize                               = 1287651328                                {product} {ergonomic}
   size_t MinHeapDeltaBytes                        = 1048576                                   {product} {ergonomic}
    uintx NonNMethodCodeHeapSize                   = 7594288                                {pd product} {ergonomic}
    uintx NonProfiledCodeHeapSize                  = 122031976                              {pd product} {ergonomic}
    uintx ProfiledCodeHeapSize                     = 122031976                              {pd product} {ergonomic}
    uintx ReservedCodeCacheSize                    = 251658240                              {pd product} {ergonomic}
     bool SegmentedCodeCache                       = true                                      {product} {ergonomic}
     bool UseCompressedClassPointers               = true                                 {lp64_product} {ergonomic}
     bool UseCompressedOops                        = true                                 {lp64_product} {ergonomic}
     bool UseG1GC                                  = true                                      {product} {ergonomic}
     bool UseLargePagesIndividualAllocation        = false                                  {pd product} {ergonomic}

Logging:
Log output configuration:
 #0: stdout all=warning uptime,level,tags
 #1: stderr all=off uptime,level,tags

Environment Variables:
JAVA_HOME=C:\Program Files\Eclipse Foundation\jdk-11.0.12.7-hotspot\
PATH=C:\Program Files\Eclipse Foundation\jdk-11.0.12.7-hotspot\bin;C:\Windows\system32;C:\Windows;C:\Windows\System32\Wbem;C:\Windows\System32\WindowsPowerShell\v1.0\;C:\Windows\System32\OpenSSH\;C:\Program Files\Git\cmd;C:\Users\emppu\AppData\Local\Microsoft\WindowsApps;
USERNAME=emppu
OS=Windows_NT
PROCESSOR_IDENTIFIER=AMD64 Family 23 Model 104 Stepping 1, AuthenticAMD



---------------  S Y S T E M  ---------------

OS: Windows 10 , 64 bit Build 19041 (10.0.19041.1202)
OS uptime: 0 days 6:57 hours

CPU:total 16 (initial active 16) (16 cores per cpu, 2 threads per core) family 23 model 104 stepping 1 microcode 0x0, cmov, cx8, fxsr, mmx, sse, sse2, sse3, ssse3, sse4.1, sse4.2, popcnt, avx, avx2, aes, clmul, mmxext, 3dnowpref, lzcnt, sse4a, ht, tsc, tscinvbit, tscinv, bmi1, bmi2, adx,

Memory: 4k page, system-wide physical 15734M (3228M free)
TotalPageFile size 64886M (AvailPageFile size 132M)
current process WorkingSet (physical memory assigned to process): 723M, peak: 723M
current process commit charge ("private bytes"): 818M, peak: 997M

vm_info: OpenJDK 64-Bit Server VM (11.0.10+0-b96-7249189) for windows-amd64 JRE (11.0.10+0-b96-7249189), built on Mar 31 2021 21:44:00 by "builder" with MS VC++ 14.0 (VS2015)

END.
